[0.843s] Invoking command in '/home/projet_sysmer/ros2_ws/src/ping_sonar_ros-master': PYTHONPATH=/home/projet_sysmer/ros2_ws/build/ping_sonar_ros/prefix_override:/usr/lib/python3/dist-packages/colcon_core/task/python/colcon_distutils_commands:/home/projet_sysmer/ros2_ws/install/ping_sonar_ros/lib/python3.10/site-packages:${PYTHONPATH} /usr/bin/python3 -W ignore:setup.py install is deprecated -W ignore:easy_install command is deprecated setup.py egg_info --egg-base ../../build/ping_sonar_ros build --build-base /home/projet_sysmer/ros2_ws/build/ping_sonar_ros/build install --record /home/projet_sysmer/ros2_ws/build/ping_sonar_ros/install.log --single-version-externally-managed install_data
[1.069s] running egg_info
[1.082s] writing ../../build/ping_sonar_ros/ping_sonar_ros.egg-info/PKG-INFO
[1.083s] writing dependency_links to ../../build/ping_sonar_ros/ping_sonar_ros.egg-info/dependency_links.txt
[1.083s] writing entry points to ../../build/ping_sonar_ros/ping_sonar_ros.egg-info/entry_points.txt
[1.083s] writing requirements to ../../build/ping_sonar_ros/ping_sonar_ros.egg-info/requires.txt
[1.084s] writing top-level names to ../../build/ping_sonar_ros/ping_sonar_ros.egg-info/top_level.txt
[1.114s] reading manifest file '../../build/ping_sonar_ros/ping_sonar_ros.egg-info/SOURCES.txt'
[1.114s] adding license file 'LICENSE'
[1.115s] writing manifest file '../../build/ping_sonar_ros/ping_sonar_ros.egg-info/SOURCES.txt'
[1.116s] running build
[1.116s] running build_py
[1.117s] running install
[1.122s] running install_lib
[1.138s] running install_data
[1.138s] running install_egg_info
[1.150s] removing '/home/projet_sysmer/ros2_ws/install/ping_sonar_ros/lib/python3.10/site-packages/ping_sonar_ros-0.0.0-py3.10.egg-info' (and everything under it)
[1.150s] Copying ../../build/ping_sonar_ros/ping_sonar_ros.egg-info to /home/projet_sysmer/ros2_ws/install/ping_sonar_ros/lib/python3.10/site-packages/ping_sonar_ros-0.0.0-py3.10.egg-info
[1.152s] running install_scripts
[1.265s] Installing ping1d_node script to /home/projet_sysmer/ros2_ws/install/ping_sonar_ros/lib/ping_sonar_ros
[1.266s] Installing range_node script to /home/projet_sysmer/ros2_ws/install/ping_sonar_ros/lib/ping_sonar_ros
[1.266s] writing list of installed files to '/home/projet_sysmer/ros2_ws/build/ping_sonar_ros/install.log'
[1.291s] Invoked command in '/home/projet_sysmer/ros2_ws/src/ping_sonar_ros-master' returned '0': PYTHONPATH=/home/projet_sysmer/ros2_ws/build/ping_sonar_ros/prefix_override:/usr/lib/python3/dist-packages/colcon_core/task/python/colcon_distutils_commands:/home/projet_sysmer/ros2_ws/install/ping_sonar_ros/lib/python3.10/site-packages:${PYTHONPATH} /usr/bin/python3 -W ignore:setup.py install is deprecated -W ignore:easy_install command is deprecated setup.py egg_info --egg-base ../../build/ping_sonar_ros build --build-base /home/projet_sysmer/ros2_ws/build/ping_sonar_ros/build install --record /home/projet_sysmer/ros2_ws/build/ping_sonar_ros/install.log --single-version-externally-managed install_data
