[0.802s] Invoking command in '/home/projet_sysmer/ros2_ws/src/ping_sonar_ros-master': PYTHONPATH=/home/projet_sysmer/ros2_ws/build/ping_sonar_ros/prefix_override:/usr/lib/python3/dist-packages/colcon_core/task/python/colcon_distutils_commands:/home/projet_sysmer/ros2_ws/install/ping_sonar_ros/lib/python3.10/site-packages:${PYTHONPATH} /usr/bin/python3 -W ignore:setup.py install is deprecated -W ignore:easy_install command is deprecated setup.py egg_info --egg-base ../../build/ping_sonar_ros build --build-base /home/projet_sysmer/ros2_ws/build/ping_sonar_ros/build install --record /home/projet_sysmer/ros2_ws/build/ping_sonar_ros/install.log --single-version-externally-managed install_data
[1.015s] running egg_info
[1.031s] writing ../../build/ping_sonar_ros/ping_sonar_ros.egg-info/PKG-INFO
[1.031s] writing dependency_links to ../../build/ping_sonar_ros/ping_sonar_ros.egg-info/dependency_links.txt
[1.031s] writing entry points to ../../build/ping_sonar_ros/ping_sonar_ros.egg-info/entry_points.txt
[1.031s] writing requirements to ../../build/ping_sonar_ros/ping_sonar_ros.egg-info/requires.txt
[1.032s] writing top-level names to ../../build/ping_sonar_ros/ping_sonar_ros.egg-info/top_level.txt
[1.059s] reading manifest file '../../build/ping_sonar_ros/ping_sonar_ros.egg-info/SOURCES.txt'
[1.059s] adding license file 'LICENSE'
[1.060s] writing manifest file '../../build/ping_sonar_ros/ping_sonar_ros.egg-info/SOURCES.txt'
[1.060s] running build
[1.061s] running build_py
[1.062s] running install
[1.067s] running install_lib
[1.080s] running install_data
[1.080s] running install_egg_info
[1.093s] removing '/home/projet_sysmer/ros2_ws/install/ping_sonar_ros/lib/python3.10/site-packages/ping_sonar_ros-0.0.0-py3.10.egg-info' (and everything under it)
[1.094s] Copying ../../build/ping_sonar_ros/ping_sonar_ros.egg-info to /home/projet_sysmer/ros2_ws/install/ping_sonar_ros/lib/python3.10/site-packages/ping_sonar_ros-0.0.0-py3.10.egg-info
[1.095s] running install_scripts
[1.215s] Installing ping1d_node script to /home/projet_sysmer/ros2_ws/install/ping_sonar_ros/lib/ping_sonar_ros
[1.215s] Installing range_node script to /home/projet_sysmer/ros2_ws/install/ping_sonar_ros/lib/ping_sonar_ros
[1.216s] writing list of installed files to '/home/projet_sysmer/ros2_ws/build/ping_sonar_ros/install.log'
[1.248s] Invoked command in '/home/projet_sysmer/ros2_ws/src/ping_sonar_ros-master' returned '0': PYTHONPATH=/home/projet_sysmer/ros2_ws/build/ping_sonar_ros/prefix_override:/usr/lib/python3/dist-packages/colcon_core/task/python/colcon_distutils_commands:/home/projet_sysmer/ros2_ws/install/ping_sonar_ros/lib/python3.10/site-packages:${PYTHONPATH} /usr/bin/python3 -W ignore:setup.py install is deprecated -W ignore:easy_install command is deprecated setup.py egg_info --egg-base ../../build/ping_sonar_ros build --build-base /home/projet_sysmer/ros2_ws/build/ping_sonar_ros/build install --record /home/projet_sysmer/ros2_ws/build/ping_sonar_ros/install.log --single-version-externally-managed install_data
