[0.091s] DEBUG:colcon:Command line arguments: ['/usr/bin/colcon', 'build']
[0.091s] DEBUG:colcon:Parsed command line arguments: Namespace(log_base=None, log_level=None, verb_name='build', build_base='build', install_base='install', merge_install=False, symlink_install=False, test_result_base=None, continue_on_error=False, executor='parallel', parallel_workers=12, event_handlers=None, ignore_user_meta=False, metas=['./colcon.meta'], base_paths=['.'], packages_ignore=None, packages_ignore_regex=None, paths=None, packages_up_to=None, packages_up_to_regex=None, packages_above=None, packages_above_and_dependencies=None, packages_above_depth=None, packages_select_by_dep=None, packages_skip_by_dep=None, packages_skip_up_to=None, packages_select_build_failed=False, packages_skip_build_finished=False, packages_select_test_failures=False, packages_skip_test_passed=False, packages_select=None, packages_skip=None, packages_select_regex=None, packages_skip_regex=None, packages_start=None, packages_end=None, allow_overriding=[], cmake_args=None, cmake_target=None, cmake_target_skip_unavailable=False, cmake_clean_cache=False, cmake_clean_first=False, cmake_force_configure=False, ament_cmake_args=None, catkin_cmake_args=None, catkin_skip_building_tests=False, mixin_files=None, mixin=None, verb_parser=<colcon_mixin.mixin.mixin_argument.MixinArgumentDecorator object at 0x7c7984766b60>, verb_extension=<colcon_core.verb.build.BuildVerb object at 0x7c7984866fe0>, main=<bound method BuildVerb.main of <colcon_core.verb.build.BuildVerb object at 0x7c7984866fe0>>, mixin_verb=('build',))
[0.123s] Level 1:colcon.colcon_core.package_discovery:discover_packages(colcon_meta) check parameters
[0.123s] Level 1:colcon.colcon_core.package_discovery:discover_packages(recursive) check parameters
[0.123s] Level 1:colcon.colcon_core.package_discovery:discover_packages(ignore) check parameters
[0.123s] Level 1:colcon.colcon_core.package_discovery:discover_packages(path) check parameters
[0.123s] Level 1:colcon.colcon_core.package_discovery:discover_packages(colcon_meta) discover
[0.123s] Level 1:colcon.colcon_core.package_discovery:discover_packages(recursive) discover
[0.123s] INFO:colcon.colcon_core.package_discovery:Crawling recursively for packages in '/home/projet_sysmer/ros2_ws'
[0.123s] Level 1:colcon.colcon_core.package_identification:_identify(.) by extensions ['ignore', 'ignore_ament_install']
[0.124s] Level 1:colcon.colcon_core.package_identification:_identify(.) by extension 'ignore'
[0.124s] Level 1:colcon.colcon_core.package_identification:_identify(.) by extension 'ignore_ament_install'
[0.124s] Level 1:colcon.colcon_core.package_identification:_identify(.) by extensions ['colcon_pkg']
[0.124s] Level 1:colcon.colcon_core.package_identification:_identify(.) by extension 'colcon_pkg'
[0.124s] Level 1:colcon.colcon_core.package_identification:_identify(.) by extensions ['colcon_meta']
[0.124s] Level 1:colcon.colcon_core.package_identification:_identify(.) by extension 'colcon_meta'
[0.124s] Level 1:colcon.colcon_core.package_identification:_identify(.) by extensions ['ros']
[0.124s] Level 1:colcon.colcon_core.package_identification:_identify(.) by extension 'ros'
[0.139s] Level 1:colcon.colcon_core.package_identification:_identify(.) by extensions ['cmake', 'python']
[0.139s] Level 1:colcon.colcon_core.package_identification:_identify(.) by extension 'cmake'
[0.139s] Level 1:colcon.colcon_core.package_identification:_identify(.) by extension 'python'
[0.139s] Level 1:colcon.colcon_core.package_identification:_identify(.) by extensions ['python_setup_py']
[0.139s] Level 1:colcon.colcon_core.package_identification:_identify(.) by extension 'python_setup_py'
[0.139s] Level 1:colcon.colcon_core.package_identification:_identify(build) by extensions ['ignore', 'ignore_ament_install']
[0.139s] Level 1:colcon.colcon_core.package_identification:_identify(build) by extension 'ignore'
[0.139s] Level 1:colcon.colcon_core.package_identification:_identify(build) ignored
[0.139s] Level 1:colcon.colcon_core.package_identification:_identify(install) by extensions ['ignore', 'ignore_ament_install']
[0.139s] Level 1:colcon.colcon_core.package_identification:_identify(install) by extension 'ignore'
[0.139s] Level 1:colcon.colcon_core.package_identification:_identify(install) ignored
[0.139s] Level 1:colcon.colcon_core.package_identification:_identify(log) by extensions ['ignore', 'ignore_ament_install']
[0.139s] Level 1:colcon.colcon_core.package_identification:_identify(log) by extension 'ignore'
[0.139s] Level 1:colcon.colcon_core.package_identification:_identify(log) ignored
[0.139s] Level 1:colcon.colcon_core.package_identification:_identify(src) by extensions ['ignore', 'ignore_ament_install']
[0.139s] Level 1:colcon.colcon_core.package_identification:_identify(src) by extension 'ignore'
[0.139s] Level 1:colcon.colcon_core.package_identification:_identify(src) by extension 'ignore_ament_install'
[0.139s] Level 1:colcon.colcon_core.package_identification:_identify(src) by extensions ['colcon_pkg']
[0.139s] Level 1:colcon.colcon_core.package_identification:_identify(src) by extension 'colcon_pkg'
[0.140s] Level 1:colcon.colcon_core.package_identification:_identify(src) by extensions ['colcon_meta']
[0.140s] Level 1:colcon.colcon_core.package_identification:_identify(src) by extension 'colcon_meta'
[0.140s] Level 1:colcon.colcon_core.package_identification:_identify(src) by extensions ['ros']
[0.140s] Level 1:colcon.colcon_core.package_identification:_identify(src) by extension 'ros'
[0.140s] Level 1:colcon.colcon_core.package_identification:_identify(src) by extensions ['cmake', 'python']
[0.140s] Level 1:colcon.colcon_core.package_identification:_identify(src) by extension 'cmake'
[0.140s] Level 1:colcon.colcon_core.package_identification:_identify(src) by extension 'python'
[0.140s] Level 1:colcon.colcon_core.package_identification:_identify(src) by extensions ['python_setup_py']
[0.140s] Level 1:colcon.colcon_core.package_identification:_identify(src) by extension 'python_setup_py'
[0.140s] Level 1:colcon.colcon_core.package_identification:_identify(src/autonomous_rov) by extensions ['ignore', 'ignore_ament_install']
[0.140s] Level 1:colcon.colcon_core.package_identification:_identify(src/autonomous_rov) by extension 'ignore'
[0.140s] Level 1:colcon.colcon_core.package_identification:_identify(src/autonomous_rov) by extension 'ignore_ament_install'
[0.140s] Level 1:colcon.colcon_core.package_identification:_identify(src/autonomous_rov) by extensions ['colcon_pkg']
[0.140s] Level 1:colcon.colcon_core.package_identification:_identify(src/autonomous_rov) by extension 'colcon_pkg'
[0.140s] Level 1:colcon.colcon_core.package_identification:_identify(src/autonomous_rov) by extensions ['colcon_meta']
[0.140s] Level 1:colcon.colcon_core.package_identification:_identify(src/autonomous_rov) by extension 'colcon_meta'
[0.140s] Level 1:colcon.colcon_core.package_identification:_identify(src/autonomous_rov) by extensions ['ros']
[0.140s] Level 1:colcon.colcon_core.package_identification:_identify(src/autonomous_rov) by extension 'ros'
[0.142s] DEBUG:colcon.colcon_core.package_identification:Package 'src/autonomous_rov' with type 'ros.ament_python' and name 'autonomous_rov'
[0.142s] Level 1:colcon.colcon_core.package_identification:_identify(src/yolov5) by extensions ['ignore', 'ignore_ament_install']
[0.142s] Level 1:colcon.colcon_core.package_identification:_identify(src/yolov5) by extension 'ignore'
[0.142s] Level 1:colcon.colcon_core.package_identification:_identify(src/yolov5) by extension 'ignore_ament_install'
[0.142s] Level 1:colcon.colcon_core.package_identification:_identify(src/yolov5) by extensions ['colcon_pkg']
[0.142s] Level 1:colcon.colcon_core.package_identification:_identify(src/yolov5) by extension 'colcon_pkg'
[0.142s] Level 1:colcon.colcon_core.package_identification:_identify(src/yolov5) by extensions ['colcon_meta']
[0.142s] Level 1:colcon.colcon_core.package_identification:_identify(src/yolov5) by extension 'colcon_meta'
[0.142s] Level 1:colcon.colcon_core.package_identification:_identify(src/yolov5) by extensions ['ros']
[0.142s] Level 1:colcon.colcon_core.package_identification:_identify(src/yolov5) by extension 'ros'
[0.142s] Level 1:colcon.colcon_core.package_identification:_identify(src/yolov5) by extensions ['cmake', 'python']
[0.142s] Level 1:colcon.colcon_core.package_identification:_identify(src/yolov5) by extension 'cmake'
[0.142s] Level 1:colcon.colcon_core.package_identification:_identify(src/yolov5) by extension 'python'
[0.142s] Level 1:colcon.colcon_core.package_identification:_identify(src/yolov5) by extensions ['python_setup_py']
[0.142s] Level 1:colcon.colcon_core.package_identification:_identify(src/yolov5) by extension 'python_setup_py'
[0.142s] Level 1:colcon.colcon_core.package_identification:_identify(src/yolov5/__pycache__) by extensions ['ignore', 'ignore_ament_install']
[0.142s] Level 1:colcon.colcon_core.package_identification:_identify(src/yolov5/__pycache__) by extension 'ignore'
[0.142s] Level 1:colcon.colcon_core.package_identification:_identify(src/yolov5/__pycache__) by extension 'ignore_ament_install'
[0.142s] Level 1:colcon.colcon_core.package_identification:_identify(src/yolov5/__pycache__) by extensions ['colcon_pkg']
[0.142s] Level 1:colcon.colcon_core.package_identification:_identify(src/yolov5/__pycache__) by extension 'colcon_pkg'
[0.142s] Level 1:colcon.colcon_core.package_identification:_identify(src/yolov5/__pycache__) by extensions ['colcon_meta']
[0.142s] Level 1:colcon.colcon_core.package_identification:_identify(src/yolov5/__pycache__) by extension 'colcon_meta'
[0.142s] Level 1:colcon.colcon_core.package_identification:_identify(src/yolov5/__pycache__) by extensions ['ros']
[0.142s] Level 1:colcon.colcon_core.package_identification:_identify(src/yolov5/__pycache__) by extension 'ros'
[0.142s] Level 1:colcon.colcon_core.package_identification:_identify(src/yolov5/__pycache__) by extensions ['cmake', 'python']
[0.142s] Level 1:colcon.colcon_core.package_identification:_identify(src/yolov5/__pycache__) by extension 'cmake'
[0.142s] Level 1:colcon.colcon_core.package_identification:_identify(src/yolov5/__pycache__) by extension 'python'
[0.142s] Level 1:colcon.colcon_core.package_identification:_identify(src/yolov5/__pycache__) by extensions ['python_setup_py']
[0.143s] Level 1:colcon.colcon_core.package_identification:_identify(src/yolov5/__pycache__) by extension 'python_setup_py'
[0.143s] Level 1:colcon.colcon_core.package_identification:_identify(src/yolov5/classify) by extensions ['ignore', 'ignore_ament_install']
[0.143s] Level 1:colcon.colcon_core.package_identification:_identify(src/yolov5/classify) by extension 'ignore'
[0.143s] Level 1:colcon.colcon_core.package_identification:_identify(src/yolov5/classify) by extension 'ignore_ament_install'
[0.143s] Level 1:colcon.colcon_core.package_identification:_identify(src/yolov5/classify) by extensions ['colcon_pkg']
[0.143s] Level 1:colcon.colcon_core.package_identification:_identify(src/yolov5/classify) by extension 'colcon_pkg'
[0.143s] Level 1:colcon.colcon_core.package_identification:_identify(src/yolov5/classify) by extensions ['colcon_meta']
[0.143s] Level 1:colcon.colcon_core.package_identification:_identify(src/yolov5/classify) by extension 'colcon_meta'
[0.143s] Level 1:colcon.colcon_core.package_identification:_identify(src/yolov5/classify) by extensions ['ros']
[0.143s] Level 1:colcon.colcon_core.package_identification:_identify(src/yolov5/classify) by extension 'ros'
[0.143s] Level 1:colcon.colcon_core.package_identification:_identify(src/yolov5/classify) by extensions ['cmake', 'python']
[0.143s] Level 1:colcon.colcon_core.package_identification:_identify(src/yolov5/classify) by extension 'cmake'
[0.143s] Level 1:colcon.colcon_core.package_identification:_identify(src/yolov5/classify) by extension 'python'
[0.143s] Level 1:colcon.colcon_core.package_identification:_identify(src/yolov5/classify) by extensions ['python_setup_py']
[0.143s] Level 1:colcon.colcon_core.package_identification:_identify(src/yolov5/classify) by extension 'python_setup_py'
[0.143s] Level 1:colcon.colcon_core.package_identification:_identify(src/yolov5/data) by extensions ['ignore', 'ignore_ament_install']
[0.143s] Level 1:colcon.colcon_core.package_identification:_identify(src/yolov5/data) by extension 'ignore'
[0.143s] Level 1:colcon.colcon_core.package_identification:_identify(src/yolov5/data) by extension 'ignore_ament_install'
[0.143s] Level 1:colcon.colcon_core.package_identification:_identify(src/yolov5/data) by extensions ['colcon_pkg']
[0.143s] Level 1:colcon.colcon_core.package_identification:_identify(src/yolov5/data) by extension 'colcon_pkg'
[0.143s] Level 1:colcon.colcon_core.package_identification:_identify(src/yolov5/data) by extensions ['colcon_meta']
[0.143s] Level 1:colcon.colcon_core.package_identification:_identify(src/yolov5/data) by extension 'colcon_meta'
[0.143s] Level 1:colcon.colcon_core.package_identification:_identify(src/yolov5/data) by extensions ['ros']
[0.143s] Level 1:colcon.colcon_core.package_identification:_identify(src/yolov5/data) by extension 'ros'
[0.143s] Level 1:colcon.colcon_core.package_identification:_identify(src/yolov5/data) by extensions ['cmake', 'python']
[0.143s] Level 1:colcon.colcon_core.package_identification:_identify(src/yolov5/data) by extension 'cmake'
[0.143s] Level 1:colcon.colcon_core.package_identification:_identify(src/yolov5/data) by extension 'python'
[0.143s] Level 1:colcon.colcon_core.package_identification:_identify(src/yolov5/data) by extensions ['python_setup_py']
[0.143s] Level 1:colcon.colcon_core.package_identification:_identify(src/yolov5/data) by extension 'python_setup_py'
[0.143s] Level 1:colcon.colcon_core.package_identification:_identify(src/yolov5/data/hyps) by extensions ['ignore', 'ignore_ament_install']
[0.143s] Level 1:colcon.colcon_core.package_identification:_identify(src/yolov5/data/hyps) by extension 'ignore'
[0.143s] Level 1:colcon.colcon_core.package_identification:_identify(src/yolov5/data/hyps) by extension 'ignore_ament_install'
[0.143s] Level 1:colcon.colcon_core.package_identification:_identify(src/yolov5/data/hyps) by extensions ['colcon_pkg']
[0.143s] Level 1:colcon.colcon_core.package_identification:_identify(src/yolov5/data/hyps) by extension 'colcon_pkg'
[0.143s] Level 1:colcon.colcon_core.package_identification:_identify(src/yolov5/data/hyps) by extensions ['colcon_meta']
[0.143s] Level 1:colcon.colcon_core.package_identification:_identify(src/yolov5/data/hyps) by extension 'colcon_meta'
[0.143s] Level 1:colcon.colcon_core.package_identification:_identify(src/yolov5/data/hyps) by extensions ['ros']
[0.143s] Level 1:colcon.colcon_core.package_identification:_identify(src/yolov5/data/hyps) by extension 'ros'
[0.143s] Level 1:colcon.colcon_core.package_identification:_identify(src/yolov5/data/hyps) by extensions ['cmake', 'python']
[0.144s] Level 1:colcon.colcon_core.package_identification:_identify(src/yolov5/data/hyps) by extension 'cmake'
[0.144s] Level 1:colcon.colcon_core.package_identification:_identify(src/yolov5/data/hyps) by extension 'python'
[0.144s] Level 1:colcon.colcon_core.package_identification:_identify(src/yolov5/data/hyps) by extensions ['python_setup_py']
[0.144s] Level 1:colcon.colcon_core.package_identification:_identify(src/yolov5/data/hyps) by extension 'python_setup_py'
[0.144s] Level 1:colcon.colcon_core.package_identification:_identify(src/yolov5/data/images) by extensions ['ignore', 'ignore_ament_install']
[0.144s] Level 1:colcon.colcon_core.package_identification:_identify(src/yolov5/data/images) by extension 'ignore'
[0.144s] Level 1:colcon.colcon_core.package_identification:_identify(src/yolov5/data/images) by extension 'ignore_ament_install'
[0.144s] Level 1:colcon.colcon_core.package_identification:_identify(src/yolov5/data/images) by extensions ['colcon_pkg']
[0.144s] Level 1:colcon.colcon_core.package_identification:_identify(src/yolov5/data/images) by extension 'colcon_pkg'
[0.144s] Level 1:colcon.colcon_core.package_identification:_identify(src/yolov5/data/images) by extensions ['colcon_meta']
[0.144s] Level 1:colcon.colcon_core.package_identification:_identify(src/yolov5/data/images) by extension 'colcon_meta'
[0.144s] Level 1:colcon.colcon_core.package_identification:_identify(src/yolov5/data/images) by extensions ['ros']
[0.144s] Level 1:colcon.colcon_core.package_identification:_identify(src/yolov5/data/images) by extension 'ros'
[0.144s] Level 1:colcon.colcon_core.package_identification:_identify(src/yolov5/data/images) by extensions ['cmake', 'python']
[0.144s] Level 1:colcon.colcon_core.package_identification:_identify(src/yolov5/data/images) by extension 'cmake'
[0.144s] Level 1:colcon.colcon_core.package_identification:_identify(src/yolov5/data/images) by extension 'python'
[0.144s] Level 1:colcon.colcon_core.package_identification:_identify(src/yolov5/data/images) by extensions ['python_setup_py']
[0.144s] Level 1:colcon.colcon_core.package_identification:_identify(src/yolov5/data/images) by extension 'python_setup_py'
[0.144s] Level 1:colcon.colcon_core.package_identification:_identify(src/yolov5/data/scripts) by extensions ['ignore', 'ignore_ament_install']
[0.144s] Level 1:colcon.colcon_core.package_identification:_identify(src/yolov5/data/scripts) by extension 'ignore'
[0.144s] Level 1:colcon.colcon_core.package_identification:_identify(src/yolov5/data/scripts) by extension 'ignore_ament_install'
[0.144s] Level 1:colcon.colcon_core.package_identification:_identify(src/yolov5/data/scripts) by extensions ['colcon_pkg']
[0.144s] Level 1:colcon.colcon_core.package_identification:_identify(src/yolov5/data/scripts) by extension 'colcon_pkg'
[0.144s] Level 1:colcon.colcon_core.package_identification:_identify(src/yolov5/data/scripts) by extensions ['colcon_meta']
[0.144s] Level 1:colcon.colcon_core.package_identification:_identify(src/yolov5/data/scripts) by extension 'colcon_meta'
[0.144s] Level 1:colcon.colcon_core.package_identification:_identify(src/yolov5/data/scripts) by extensions ['ros']
[0.144s] Level 1:colcon.colcon_core.package_identification:_identify(src/yolov5/data/scripts) by extension 'ros'
[0.144s] Level 1:colcon.colcon_core.package_identification:_identify(src/yolov5/data/scripts) by extensions ['cmake', 'python']
[0.144s] Level 1:colcon.colcon_core.package_identification:_identify(src/yolov5/data/scripts) by extension 'cmake'
[0.144s] Level 1:colcon.colcon_core.package_identification:_identify(src/yolov5/data/scripts) by extension 'python'
[0.144s] Level 1:colcon.colcon_core.package_identification:_identify(src/yolov5/data/scripts) by extensions ['python_setup_py']
[0.144s] Level 1:colcon.colcon_core.package_identification:_identify(src/yolov5/data/scripts) by extension 'python_setup_py'
[0.144s] Level 1:colcon.colcon_core.package_identification:_identify(src/yolov5/models) by extensions ['ignore', 'ignore_ament_install']
[0.144s] Level 1:colcon.colcon_core.package_identification:_identify(src/yolov5/models) by extension 'ignore'
[0.144s] Level 1:colcon.colcon_core.package_identification:_identify(src/yolov5/models) by extension 'ignore_ament_install'
[0.144s] Level 1:colcon.colcon_core.package_identification:_identify(src/yolov5/models) by extensions ['colcon_pkg']
[0.144s] Level 1:colcon.colcon_core.package_identification:_identify(src/yolov5/models) by extension 'colcon_pkg'
[0.144s] Level 1:colcon.colcon_core.package_identification:_identify(src/yolov5/models) by extensions ['colcon_meta']
[0.144s] Level 1:colcon.colcon_core.package_identification:_identify(src/yolov5/models) by extension 'colcon_meta'
[0.144s] Level 1:colcon.colcon_core.package_identification:_identify(src/yolov5/models) by extensions ['ros']
[0.145s] Level 1:colcon.colcon_core.package_identification:_identify(src/yolov5/models) by extension 'ros'
[0.145s] Level 1:colcon.colcon_core.package_identification:_identify(src/yolov5/models) by extensions ['cmake', 'python']
[0.145s] Level 1:colcon.colcon_core.package_identification:_identify(src/yolov5/models) by extension 'cmake'
[0.145s] Level 1:colcon.colcon_core.package_identification:_identify(src/yolov5/models) by extension 'python'
[0.145s] Level 1:colcon.colcon_core.package_identification:_identify(src/yolov5/models) by extensions ['python_setup_py']
[0.145s] Level 1:colcon.colcon_core.package_identification:_identify(src/yolov5/models) by extension 'python_setup_py'
[0.145s] Level 1:colcon.colcon_core.package_identification:_identify(src/yolov5/models/__pycache__) by extensions ['ignore', 'ignore_ament_install']
[0.145s] Level 1:colcon.colcon_core.package_identification:_identify(src/yolov5/models/__pycache__) by extension 'ignore'
[0.145s] Level 1:colcon.colcon_core.package_identification:_identify(src/yolov5/models/__pycache__) by extension 'ignore_ament_install'
[0.145s] Level 1:colcon.colcon_core.package_identification:_identify(src/yolov5/models/__pycache__) by extensions ['colcon_pkg']
[0.145s] Level 1:colcon.colcon_core.package_identification:_identify(src/yolov5/models/__pycache__) by extension 'colcon_pkg'
[0.145s] Level 1:colcon.colcon_core.package_identification:_identify(src/yolov5/models/__pycache__) by extensions ['colcon_meta']
[0.145s] Level 1:colcon.colcon_core.package_identification:_identify(src/yolov5/models/__pycache__) by extension 'colcon_meta'
[0.145s] Level 1:colcon.colcon_core.package_identification:_identify(src/yolov5/models/__pycache__) by extensions ['ros']
[0.145s] Level 1:colcon.colcon_core.package_identification:_identify(src/yolov5/models/__pycache__) by extension 'ros'
[0.145s] Level 1:colcon.colcon_core.package_identification:_identify(src/yolov5/models/__pycache__) by extensions ['cmake', 'python']
[0.145s] Level 1:colcon.colcon_core.package_identification:_identify(src/yolov5/models/__pycache__) by extension 'cmake'
[0.145s] Level 1:colcon.colcon_core.package_identification:_identify(src/yolov5/models/__pycache__) by extension 'python'
[0.145s] Level 1:colcon.colcon_core.package_identification:_identify(src/yolov5/models/__pycache__) by extensions ['python_setup_py']
[0.145s] Level 1:colcon.colcon_core.package_identification:_identify(src/yolov5/models/__pycache__) by extension 'python_setup_py'
[0.145s] Level 1:colcon.colcon_core.package_identification:_identify(src/yolov5/models/hub) by extensions ['ignore', 'ignore_ament_install']
[0.145s] Level 1:colcon.colcon_core.package_identification:_identify(src/yolov5/models/hub) by extension 'ignore'
[0.145s] Level 1:colcon.colcon_core.package_identification:_identify(src/yolov5/models/hub) by extension 'ignore_ament_install'
[0.145s] Level 1:colcon.colcon_core.package_identification:_identify(src/yolov5/models/hub) by extensions ['colcon_pkg']
[0.145s] Level 1:colcon.colcon_core.package_identification:_identify(src/yolov5/models/hub) by extension 'colcon_pkg'
[0.145s] Level 1:colcon.colcon_core.package_identification:_identify(src/yolov5/models/hub) by extensions ['colcon_meta']
[0.145s] Level 1:colcon.colcon_core.package_identification:_identify(src/yolov5/models/hub) by extension 'colcon_meta'
[0.145s] Level 1:colcon.colcon_core.package_identification:_identify(src/yolov5/models/hub) by extensions ['ros']
[0.145s] Level 1:colcon.colcon_core.package_identification:_identify(src/yolov5/models/hub) by extension 'ros'
[0.145s] Level 1:colcon.colcon_core.package_identification:_identify(src/yolov5/models/hub) by extensions ['cmake', 'python']
[0.145s] Level 1:colcon.colcon_core.package_identification:_identify(src/yolov5/models/hub) by extension 'cmake'
[0.145s] Level 1:colcon.colcon_core.package_identification:_identify(src/yolov5/models/hub) by extension 'python'
[0.145s] Level 1:colcon.colcon_core.package_identification:_identify(src/yolov5/models/hub) by extensions ['python_setup_py']
[0.145s] Level 1:colcon.colcon_core.package_identification:_identify(src/yolov5/models/hub) by extension 'python_setup_py'
[0.146s] Level 1:colcon.colcon_core.package_identification:_identify(src/yolov5/models/segment) by extensions ['ignore', 'ignore_ament_install']
[0.146s] Level 1:colcon.colcon_core.package_identification:_identify(src/yolov5/models/segment) by extension 'ignore'
[0.146s] Level 1:colcon.colcon_core.package_identification:_identify(src/yolov5/models/segment) by extension 'ignore_ament_install'
[0.146s] Level 1:colcon.colcon_core.package_identification:_identify(src/yolov5/models/segment) by extensions ['colcon_pkg']
[0.146s] Level 1:colcon.colcon_core.package_identification:_identify(src/yolov5/models/segment) by extension 'colcon_pkg'
[0.146s] Level 1:colcon.colcon_core.package_identification:_identify(src/yolov5/models/segment) by extensions ['colcon_meta']
[0.146s] Level 1:colcon.colcon_core.package_identification:_identify(src/yolov5/models/segment) by extension 'colcon_meta'
[0.146s] Level 1:colcon.colcon_core.package_identification:_identify(src/yolov5/models/segment) by extensions ['ros']
[0.146s] Level 1:colcon.colcon_core.package_identification:_identify(src/yolov5/models/segment) by extension 'ros'
[0.146s] Level 1:colcon.colcon_core.package_identification:_identify(src/yolov5/models/segment) by extensions ['cmake', 'python']
[0.146s] Level 1:colcon.colcon_core.package_identification:_identify(src/yolov5/models/segment) by extension 'cmake'
[0.146s] Level 1:colcon.colcon_core.package_identification:_identify(src/yolov5/models/segment) by extension 'python'
[0.146s] Level 1:colcon.colcon_core.package_identification:_identify(src/yolov5/models/segment) by extensions ['python_setup_py']
[0.146s] Level 1:colcon.colcon_core.package_identification:_identify(src/yolov5/models/segment) by extension 'python_setup_py'
[0.146s] Level 1:colcon.colcon_core.package_identification:_identify(src/yolov5/runs) by extensions ['ignore', 'ignore_ament_install']
[0.147s] Level 1:colcon.colcon_core.package_identification:_identify(src/yolov5/runs) by extension 'ignore'
[0.147s] Level 1:colcon.colcon_core.package_identification:_identify(src/yolov5/runs) by extension 'ignore_ament_install'
[0.147s] Level 1:colcon.colcon_core.package_identification:_identify(src/yolov5/runs) by extensions ['colcon_pkg']
[0.147s] Level 1:colcon.colcon_core.package_identification:_identify(src/yolov5/runs) by extension 'colcon_pkg'
[0.147s] Level 1:colcon.colcon_core.package_identification:_identify(src/yolov5/runs) by extensions ['colcon_meta']
[0.147s] Level 1:colcon.colcon_core.package_identification:_identify(src/yolov5/runs) by extension 'colcon_meta'
[0.147s] Level 1:colcon.colcon_core.package_identification:_identify(src/yolov5/runs) by extensions ['ros']
[0.147s] Level 1:colcon.colcon_core.package_identification:_identify(src/yolov5/runs) by extension 'ros'
[0.147s] Level 1:colcon.colcon_core.package_identification:_identify(src/yolov5/runs) by extensions ['cmake', 'python']
[0.147s] Level 1:colcon.colcon_core.package_identification:_identify(src/yolov5/runs) by extension 'cmake'
[0.147s] Level 1:colcon.colcon_core.package_identification:_identify(src/yolov5/runs) by extension 'python'
[0.147s] Level 1:colcon.colcon_core.package_identification:_identify(src/yolov5/runs) by extensions ['python_setup_py']
[0.147s] Level 1:colcon.colcon_core.package_identification:_identify(src/yolov5/runs) by extension 'python_setup_py'
[0.147s] Level 1:colcon.colcon_core.package_identification:_identify(src/yolov5/runs/train) by extensions ['ignore', 'ignore_ament_install']
[0.147s] Level 1:colcon.colcon_core.package_identification:_identify(src/yolov5/runs/train) by extension 'ignore'
[0.147s] Level 1:colcon.colcon_core.package_identification:_identify(src/yolov5/runs/train) by extension 'ignore_ament_install'
[0.147s] Level 1:colcon.colcon_core.package_identification:_identify(src/yolov5/runs/train) by extensions ['colcon_pkg']
[0.147s] Level 1:colcon.colcon_core.package_identification:_identify(src/yolov5/runs/train) by extension 'colcon_pkg'
[0.147s] Level 1:colcon.colcon_core.package_identification:_identify(src/yolov5/runs/train) by extensions ['colcon_meta']
[0.147s] Level 1:colcon.colcon_core.package_identification:_identify(src/yolov5/runs/train) by extension 'colcon_meta'
[0.147s] Level 1:colcon.colcon_core.package_identification:_identify(src/yolov5/runs/train) by extensions ['ros']
[0.147s] Level 1:colcon.colcon_core.package_identification:_identify(src/yolov5/runs/train) by extension 'ros'
[0.147s] Level 1:colcon.colcon_core.package_identification:_identify(src/yolov5/runs/train) by extensions ['cmake', 'python']
[0.147s] Level 1:colcon.colcon_core.package_identification:_identify(src/yolov5/runs/train) by extension 'cmake'
[0.147s] Level 1:colcon.colcon_core.package_identification:_identify(src/yolov5/runs/train) by extension 'python'
[0.147s] Level 1:colcon.colcon_core.package_identification:_identify(src/yolov5/runs/train) by extensions ['python_setup_py']
[0.147s] Level 1:colcon.colcon_core.package_identification:_identify(src/yolov5/runs/train) by extension 'python_setup_py'
[0.147s] Level 1:colcon.colcon_core.package_identification:_identify(src/yolov5/runs/train/exp) by extensions ['ignore', 'ignore_ament_install']
[0.147s] Level 1:colcon.colcon_core.package_identification:_identify(src/yolov5/runs/train/exp) by extension 'ignore'
[0.148s] Level 1:colcon.colcon_core.package_identification:_identify(src/yolov5/runs/train/exp) by extension 'ignore_ament_install'
[0.148s] Level 1:colcon.colcon_core.package_identification:_identify(src/yolov5/runs/train/exp) by extensions ['colcon_pkg']
[0.148s] Level 1:colcon.colcon_core.package_identification:_identify(src/yolov5/runs/train/exp) by extension 'colcon_pkg'
[0.148s] Level 1:colcon.colcon_core.package_identification:_identify(src/yolov5/runs/train/exp) by extensions ['colcon_meta']
[0.148s] Level 1:colcon.colcon_core.package_identification:_identify(src/yolov5/runs/train/exp) by extension 'colcon_meta'
[0.148s] Level 1:colcon.colcon_core.package_identification:_identify(src/yolov5/runs/train/exp) by extensions ['ros']
[0.148s] Level 1:colcon.colcon_core.package_identification:_identify(src/yolov5/runs/train/exp) by extension 'ros'
[0.148s] Level 1:colcon.colcon_core.package_identification:_identify(src/yolov5/runs/train/exp) by extensions ['cmake', 'python']
[0.148s] Level 1:colcon.colcon_core.package_identification:_identify(src/yolov5/runs/train/exp) by extension 'cmake'
[0.148s] Level 1:colcon.colcon_core.package_identification:_identify(src/yolov5/runs/train/exp) by extension 'python'
[0.148s] Level 1:colcon.colcon_core.package_identification:_identify(src/yolov5/runs/train/exp) by extensions ['python_setup_py']
[0.148s] Level 1:colcon.colcon_core.package_identification:_identify(src/yolov5/runs/train/exp) by extension 'python_setup_py'
[0.148s] Level 1:colcon.colcon_core.package_identification:_identify(src/yolov5/runs/train/exp/weights) by extensions ['ignore', 'ignore_ament_install']
[0.148s] Level 1:colcon.colcon_core.package_identification:_identify(src/yolov5/runs/train/exp/weights) by extension 'ignore'
[0.148s] Level 1:colcon.colcon_core.package_identification:_identify(src/yolov5/runs/train/exp/weights) by extension 'ignore_ament_install'
[0.148s] Level 1:colcon.colcon_core.package_identification:_identify(src/yolov5/runs/train/exp/weights) by extensions ['colcon_pkg']
[0.148s] Level 1:colcon.colcon_core.package_identification:_identify(src/yolov5/runs/train/exp/weights) by extension 'colcon_pkg'
[0.148s] Level 1:colcon.colcon_core.package_identification:_identify(src/yolov5/runs/train/exp/weights) by extensions ['colcon_meta']
[0.148s] Level 1:colcon.colcon_core.package_identification:_identify(src/yolov5/runs/train/exp/weights) by extension 'colcon_meta'
[0.148s] Level 1:colcon.colcon_core.package_identification:_identify(src/yolov5/runs/train/exp/weights) by extensions ['ros']
[0.148s] Level 1:colcon.colcon_core.package_identification:_identify(src/yolov5/runs/train/exp/weights) by extension 'ros'
[0.148s] Level 1:colcon.colcon_core.package_identification:_identify(src/yolov5/runs/train/exp/weights) by extensions ['cmake', 'python']
[0.148s] Level 1:colcon.colcon_core.package_identification:_identify(src/yolov5/runs/train/exp/weights) by extension 'cmake'
[0.148s] Level 1:colcon.colcon_core.package_identification:_identify(src/yolov5/runs/train/exp/weights) by extension 'python'
[0.148s] Level 1:colcon.colcon_core.package_identification:_identify(src/yolov5/runs/train/exp/weights) by extensions ['python_setup_py']
[0.148s] Level 1:colcon.colcon_core.package_identification:_identify(src/yolov5/runs/train/exp/weights) by extension 'python_setup_py'
[0.148s] Level 1:colcon.colcon_core.package_identification:_identify(src/yolov5/runs/train/exp2) by extensions ['ignore', 'ignore_ament_install']
[0.148s] Level 1:colcon.colcon_core.package_identification:_identify(src/yolov5/runs/train/exp2) by extension 'ignore'
[0.148s] Level 1:colcon.colcon_core.package_identification:_identify(src/yolov5/runs/train/exp2) by extension 'ignore_ament_install'
[0.148s] Level 1:colcon.colcon_core.package_identification:_identify(src/yolov5/runs/train/exp2) by extensions ['colcon_pkg']
[0.148s] Level 1:colcon.colcon_core.package_identification:_identify(src/yolov5/runs/train/exp2) by extension 'colcon_pkg'
[0.148s] Level 1:colcon.colcon_core.package_identification:_identify(src/yolov5/runs/train/exp2) by extensions ['colcon_meta']
[0.148s] Level 1:colcon.colcon_core.package_identification:_identify(src/yolov5/runs/train/exp2) by extension 'colcon_meta'
[0.148s] Level 1:colcon.colcon_core.package_identification:_identify(src/yolov5/runs/train/exp2) by extensions ['ros']
[0.148s] Level 1:colcon.colcon_core.package_identification:_identify(src/yolov5/runs/train/exp2) by extension 'ros'
[0.148s] Level 1:colcon.colcon_core.package_identification:_identify(src/yolov5/runs/train/exp2) by extensions ['cmake', 'python']
[0.148s] Level 1:colcon.colcon_core.package_identification:_identify(src/yolov5/runs/train/exp2) by extension 'cmake'
[0.148s] Level 1:colcon.colcon_core.package_identification:_identify(src/yolov5/runs/train/exp2) by extension 'python'
[0.148s] Level 1:colcon.colcon_core.package_identification:_identify(src/yolov5/runs/train/exp2) by extensions ['python_setup_py']
[0.148s] Level 1:colcon.colcon_core.package_identification:_identify(src/yolov5/runs/train/exp2) by extension 'python_setup_py'
[0.149s] Level 1:colcon.colcon_core.package_identification:_identify(src/yolov5/runs/train/exp2/weights) by extensions ['ignore', 'ignore_ament_install']
[0.149s] Level 1:colcon.colcon_core.package_identification:_identify(src/yolov5/runs/train/exp2/weights) by extension 'ignore'
[0.149s] Level 1:colcon.colcon_core.package_identification:_identify(src/yolov5/runs/train/exp2/weights) by extension 'ignore_ament_install'
[0.149s] Level 1:colcon.colcon_core.package_identification:_identify(src/yolov5/runs/train/exp2/weights) by extensions ['colcon_pkg']
[0.149s] Level 1:colcon.colcon_core.package_identification:_identify(src/yolov5/runs/train/exp2/weights) by extension 'colcon_pkg'
[0.149s] Level 1:colcon.colcon_core.package_identification:_identify(src/yolov5/runs/train/exp2/weights) by extensions ['colcon_meta']
[0.149s] Level 1:colcon.colcon_core.package_identification:_identify(src/yolov5/runs/train/exp2/weights) by extension 'colcon_meta'
[0.149s] Level 1:colcon.colcon_core.package_identification:_identify(src/yolov5/runs/train/exp2/weights) by extensions ['ros']
[0.149s] Level 1:colcon.colcon_core.package_identification:_identify(src/yolov5/runs/train/exp2/weights) by extension 'ros'
[0.149s] Level 1:colcon.colcon_core.package_identification:_identify(src/yolov5/runs/train/exp2/weights) by extensions ['cmake', 'python']
[0.149s] Level 1:colcon.colcon_core.package_identification:_identify(src/yolov5/runs/train/exp2/weights) by extension 'cmake'
[0.149s] Level 1:colcon.colcon_core.package_identification:_identify(src/yolov5/runs/train/exp2/weights) by extension 'python'
[0.149s] Level 1:colcon.colcon_core.package_identification:_identify(src/yolov5/runs/train/exp2/weights) by extensions ['python_setup_py']
[0.149s] Level 1:colcon.colcon_core.package_identification:_identify(src/yolov5/runs/train/exp2/weights) by extension 'python_setup_py'
[0.149s] Level 1:colcon.colcon_core.package_identification:_identify(src/yolov5/runs/train/exp3) by extensions ['ignore', 'ignore_ament_install']
[0.149s] Level 1:colcon.colcon_core.package_identification:_identify(src/yolov5/runs/train/exp3) by extension 'ignore'
[0.149s] Level 1:colcon.colcon_core.package_identification:_identify(src/yolov5/runs/train/exp3) by extension 'ignore_ament_install'
[0.149s] Level 1:colcon.colcon_core.package_identification:_identify(src/yolov5/runs/train/exp3) by extensions ['colcon_pkg']
[0.149s] Level 1:colcon.colcon_core.package_identification:_identify(src/yolov5/runs/train/exp3) by extension 'colcon_pkg'
[0.149s] Level 1:colcon.colcon_core.package_identification:_identify(src/yolov5/runs/train/exp3) by extensions ['colcon_meta']
[0.149s] Level 1:colcon.colcon_core.package_identification:_identify(src/yolov5/runs/train/exp3) by extension 'colcon_meta'
[0.149s] Level 1:colcon.colcon_core.package_identification:_identify(src/yolov5/runs/train/exp3) by extensions ['ros']
[0.149s] Level 1:colcon.colcon_core.package_identification:_identify(src/yolov5/runs/train/exp3) by extension 'ros'
[0.149s] Level 1:colcon.colcon_core.package_identification:_identify(src/yolov5/runs/train/exp3) by extensions ['cmake', 'python']
[0.149s] Level 1:colcon.colcon_core.package_identification:_identify(src/yolov5/runs/train/exp3) by extension 'cmake'
[0.149s] Level 1:colcon.colcon_core.package_identification:_identify(src/yolov5/runs/train/exp3) by extension 'python'
[0.149s] Level 1:colcon.colcon_core.package_identification:_identify(src/yolov5/runs/train/exp3) by extensions ['python_setup_py']
[0.149s] Level 1:colcon.colcon_core.package_identification:_identify(src/yolov5/runs/train/exp3) by extension 'python_setup_py'
[0.149s] Level 1:colcon.colcon_core.package_identification:_identify(src/yolov5/runs/train/exp3/weights) by extensions ['ignore', 'ignore_ament_install']
[0.149s] Level 1:colcon.colcon_core.package_identification:_identify(src/yolov5/runs/train/exp3/weights) by extension 'ignore'
[0.149s] Level 1:colcon.colcon_core.package_identification:_identify(src/yolov5/runs/train/exp3/weights) by extension 'ignore_ament_install'
[0.149s] Level 1:colcon.colcon_core.package_identification:_identify(src/yolov5/runs/train/exp3/weights) by extensions ['colcon_pkg']
[0.149s] Level 1:colcon.colcon_core.package_identification:_identify(src/yolov5/runs/train/exp3/weights) by extension 'colcon_pkg'
[0.149s] Level 1:colcon.colcon_core.package_identification:_identify(src/yolov5/runs/train/exp3/weights) by extensions ['colcon_meta']
[0.149s] Level 1:colcon.colcon_core.package_identification:_identify(src/yolov5/runs/train/exp3/weights) by extension 'colcon_meta'
[0.149s] Level 1:colcon.colcon_core.package_identification:_identify(src/yolov5/runs/train/exp3/weights) by extensions ['ros']
[0.149s] Level 1:colcon.colcon_core.package_identification:_identify(src/yolov5/runs/train/exp3/weights) by extension 'ros'
[0.149s] Level 1:colcon.colcon_core.package_identification:_identify(src/yolov5/runs/train/exp3/weights) by extensions ['cmake', 'python']
[0.149s] Level 1:colcon.colcon_core.package_identification:_identify(src/yolov5/runs/train/exp3/weights) by extension 'cmake'
[0.150s] Level 1:colcon.colcon_core.package_identification:_identify(src/yolov5/runs/train/exp3/weights) by extension 'python'
[0.150s] Level 1:colcon.colcon_core.package_identification:_identify(src/yolov5/runs/train/exp3/weights) by extensions ['python_setup_py']
[0.150s] Level 1:colcon.colcon_core.package_identification:_identify(src/yolov5/runs/train/exp3/weights) by extension 'python_setup_py'
[0.150s] Level 1:colcon.colcon_core.package_identification:_identify(src/yolov5/runs/train/exp4) by extensions ['ignore', 'ignore_ament_install']
[0.150s] Level 1:colcon.colcon_core.package_identification:_identify(src/yolov5/runs/train/exp4) by extension 'ignore'
[0.150s] Level 1:colcon.colcon_core.package_identification:_identify(src/yolov5/runs/train/exp4) by extension 'ignore_ament_install'
[0.150s] Level 1:colcon.colcon_core.package_identification:_identify(src/yolov5/runs/train/exp4) by extensions ['colcon_pkg']
[0.150s] Level 1:colcon.colcon_core.package_identification:_identify(src/yolov5/runs/train/exp4) by extension 'colcon_pkg'
[0.150s] Level 1:colcon.colcon_core.package_identification:_identify(src/yolov5/runs/train/exp4) by extensions ['colcon_meta']
[0.150s] Level 1:colcon.colcon_core.package_identification:_identify(src/yolov5/runs/train/exp4) by extension 'colcon_meta'
[0.150s] Level 1:colcon.colcon_core.package_identification:_identify(src/yolov5/runs/train/exp4) by extensions ['ros']
[0.150s] Level 1:colcon.colcon_core.package_identification:_identify(src/yolov5/runs/train/exp4) by extension 'ros'
[0.150s] Level 1:colcon.colcon_core.package_identification:_identify(src/yolov5/runs/train/exp4) by extensions ['cmake', 'python']
[0.150s] Level 1:colcon.colcon_core.package_identification:_identify(src/yolov5/runs/train/exp4) by extension 'cmake'
[0.150s] Level 1:colcon.colcon_core.package_identification:_identify(src/yolov5/runs/train/exp4) by extension 'python'
[0.150s] Level 1:colcon.colcon_core.package_identification:_identify(src/yolov5/runs/train/exp4) by extensions ['python_setup_py']
[0.150s] Level 1:colcon.colcon_core.package_identification:_identify(src/yolov5/runs/train/exp4) by extension 'python_setup_py'
[0.150s] Level 1:colcon.colcon_core.package_identification:_identify(src/yolov5/runs/train/exp4/weights) by extensions ['ignore', 'ignore_ament_install']
[0.150s] Level 1:colcon.colcon_core.package_identification:_identify(src/yolov5/runs/train/exp4/weights) by extension 'ignore'
[0.150s] Level 1:colcon.colcon_core.package_identification:_identify(src/yolov5/runs/train/exp4/weights) by extension 'ignore_ament_install'
[0.150s] Level 1:colcon.colcon_core.package_identification:_identify(src/yolov5/runs/train/exp4/weights) by extensions ['colcon_pkg']
[0.150s] Level 1:colcon.colcon_core.package_identification:_identify(src/yolov5/runs/train/exp4/weights) by extension 'colcon_pkg'
[0.150s] Level 1:colcon.colcon_core.package_identification:_identify(src/yolov5/runs/train/exp4/weights) by extensions ['colcon_meta']
[0.150s] Level 1:colcon.colcon_core.package_identification:_identify(src/yolov5/runs/train/exp4/weights) by extension 'colcon_meta'
[0.150s] Level 1:colcon.colcon_core.package_identification:_identify(src/yolov5/runs/train/exp4/weights) by extensions ['ros']
[0.150s] Level 1:colcon.colcon_core.package_identification:_identify(src/yolov5/runs/train/exp4/weights) by extension 'ros'
[0.150s] Level 1:colcon.colcon_core.package_identification:_identify(src/yolov5/runs/train/exp4/weights) by extensions ['cmake', 'python']
[0.150s] Level 1:colcon.colcon_core.package_identification:_identify(src/yolov5/runs/train/exp4/weights) by extension 'cmake'
[0.150s] Level 1:colcon.colcon_core.package_identification:_identify(src/yolov5/runs/train/exp4/weights) by extension 'python'
[0.150s] Level 1:colcon.colcon_core.package_identification:_identify(src/yolov5/runs/train/exp4/weights) by extensions ['python_setup_py']
[0.150s] Level 1:colcon.colcon_core.package_identification:_identify(src/yolov5/runs/train/exp4/weights) by extension 'python_setup_py'
[0.150s] Level 1:colcon.colcon_core.package_identification:_identify(src/yolov5/runs/train/exp5) by extensions ['ignore', 'ignore_ament_install']
[0.151s] Level 1:colcon.colcon_core.package_identification:_identify(src/yolov5/runs/train/exp5) by extension 'ignore'
[0.151s] Level 1:colcon.colcon_core.package_identification:_identify(src/yolov5/runs/train/exp5) by extension 'ignore_ament_install'
[0.151s] Level 1:colcon.colcon_core.package_identification:_identify(src/yolov5/runs/train/exp5) by extensions ['colcon_pkg']
[0.151s] Level 1:colcon.colcon_core.package_identification:_identify(src/yolov5/runs/train/exp5) by extension 'colcon_pkg'
[0.151s] Level 1:colcon.colcon_core.package_identification:_identify(src/yolov5/runs/train/exp5) by extensions ['colcon_meta']
[0.151s] Level 1:colcon.colcon_core.package_identification:_identify(src/yolov5/runs/train/exp5) by extension 'colcon_meta'
[0.151s] Level 1:colcon.colcon_core.package_identification:_identify(src/yolov5/runs/train/exp5) by extensions ['ros']
[0.151s] Level 1:colcon.colcon_core.package_identification:_identify(src/yolov5/runs/train/exp5) by extension 'ros'
[0.151s] Level 1:colcon.colcon_core.package_identification:_identify(src/yolov5/runs/train/exp5) by extensions ['cmake', 'python']
[0.151s] Level 1:colcon.colcon_core.package_identification:_identify(src/yolov5/runs/train/exp5) by extension 'cmake'
[0.151s] Level 1:colcon.colcon_core.package_identification:_identify(src/yolov5/runs/train/exp5) by extension 'python'
[0.151s] Level 1:colcon.colcon_core.package_identification:_identify(src/yolov5/runs/train/exp5) by extensions ['python_setup_py']
[0.151s] Level 1:colcon.colcon_core.package_identification:_identify(src/yolov5/runs/train/exp5) by extension 'python_setup_py'
[0.151s] Level 1:colcon.colcon_core.package_identification:_identify(src/yolov5/runs/train/exp5/weights) by extensions ['ignore', 'ignore_ament_install']
[0.151s] Level 1:colcon.colcon_core.package_identification:_identify(src/yolov5/runs/train/exp5/weights) by extension 'ignore'
[0.151s] Level 1:colcon.colcon_core.package_identification:_identify(src/yolov5/runs/train/exp5/weights) by extension 'ignore_ament_install'
[0.151s] Level 1:colcon.colcon_core.package_identification:_identify(src/yolov5/runs/train/exp5/weights) by extensions ['colcon_pkg']
[0.151s] Level 1:colcon.colcon_core.package_identification:_identify(src/yolov5/runs/train/exp5/weights) by extension 'colcon_pkg'
[0.151s] Level 1:colcon.colcon_core.package_identification:_identify(src/yolov5/runs/train/exp5/weights) by extensions ['colcon_meta']
[0.152s] Level 1:colcon.colcon_core.package_identification:_identify(src/yolov5/runs/train/exp5/weights) by extension 'colcon_meta'
[0.152s] Level 1:colcon.colcon_core.package_identification:_identify(src/yolov5/runs/train/exp5/weights) by extensions ['ros']
[0.152s] Level 1:colcon.colcon_core.package_identification:_identify(src/yolov5/runs/train/exp5/weights) by extension 'ros'
[0.152s] Level 1:colcon.colcon_core.package_identification:_identify(src/yolov5/runs/train/exp5/weights) by extensions ['cmake', 'python']
[0.152s] Level 1:colcon.colcon_core.package_identification:_identify(src/yolov5/runs/train/exp5/weights) by extension 'cmake'
[0.152s] Level 1:colcon.colcon_core.package_identification:_identify(src/yolov5/runs/train/exp5/weights) by extension 'python'
[0.152s] Level 1:colcon.colcon_core.package_identification:_identify(src/yolov5/runs/train/exp5/weights) by extensions ['python_setup_py']
[0.152s] Level 1:colcon.colcon_core.package_identification:_identify(src/yolov5/runs/train/exp5/weights) by extension 'python_setup_py'
[0.152s] Level 1:colcon.colcon_core.package_identification:_identify(src/yolov5/runs/train/exp6) by extensions ['ignore', 'ignore_ament_install']
[0.153s] Level 1:colcon.colcon_core.package_identification:_identify(src/yolov5/runs/train/exp6) by extension 'ignore'
[0.153s] Level 1:colcon.colcon_core.package_identification:_identify(src/yolov5/runs/train/exp6) by extension 'ignore_ament_install'
[0.153s] Level 1:colcon.colcon_core.package_identification:_identify(src/yolov5/runs/train/exp6) by extensions ['colcon_pkg']
[0.153s] Level 1:colcon.colcon_core.package_identification:_identify(src/yolov5/runs/train/exp6) by extension 'colcon_pkg'
[0.153s] Level 1:colcon.colcon_core.package_identification:_identify(src/yolov5/runs/train/exp6) by extensions ['colcon_meta']
[0.153s] Level 1:colcon.colcon_core.package_identification:_identify(src/yolov5/runs/train/exp6) by extension 'colcon_meta'
[0.153s] Level 1:colcon.colcon_core.package_identification:_identify(src/yolov5/runs/train/exp6) by extensions ['ros']
[0.153s] Level 1:colcon.colcon_core.package_identification:_identify(src/yolov5/runs/train/exp6) by extension 'ros'
[0.153s] Level 1:colcon.colcon_core.package_identification:_identify(src/yolov5/runs/train/exp6) by extensions ['cmake', 'python']
[0.153s] Level 1:colcon.colcon_core.package_identification:_identify(src/yolov5/runs/train/exp6) by extension 'cmake'
[0.153s] Level 1:colcon.colcon_core.package_identification:_identify(src/yolov5/runs/train/exp6) by extension 'python'
[0.153s] Level 1:colcon.colcon_core.package_identification:_identify(src/yolov5/runs/train/exp6) by extensions ['python_setup_py']
[0.153s] Level 1:colcon.colcon_core.package_identification:_identify(src/yolov5/runs/train/exp6) by extension 'python_setup_py'
[0.153s] Level 1:colcon.colcon_core.package_identification:_identify(src/yolov5/runs/train/exp6/weights) by extensions ['ignore', 'ignore_ament_install']
[0.153s] Level 1:colcon.colcon_core.package_identification:_identify(src/yolov5/runs/train/exp6/weights) by extension 'ignore'
[0.153s] Level 1:colcon.colcon_core.package_identification:_identify(src/yolov5/runs/train/exp6/weights) by extension 'ignore_ament_install'
[0.153s] Level 1:colcon.colcon_core.package_identification:_identify(src/yolov5/runs/train/exp6/weights) by extensions ['colcon_pkg']
[0.153s] Level 1:colcon.colcon_core.package_identification:_identify(src/yolov5/runs/train/exp6/weights) by extension 'colcon_pkg'
[0.153s] Level 1:colcon.colcon_core.package_identification:_identify(src/yolov5/runs/train/exp6/weights) by extensions ['colcon_meta']
[0.153s] Level 1:colcon.colcon_core.package_identification:_identify(src/yolov5/runs/train/exp6/weights) by extension 'colcon_meta'
[0.153s] Level 1:colcon.colcon_core.package_identification:_identify(src/yolov5/runs/train/exp6/weights) by extensions ['ros']
[0.153s] Level 1:colcon.colcon_core.package_identification:_identify(src/yolov5/runs/train/exp6/weights) by extension 'ros'
[0.153s] Level 1:colcon.colcon_core.package_identification:_identify(src/yolov5/runs/train/exp6/weights) by extensions ['cmake', 'python']
[0.153s] Level 1:colcon.colcon_core.package_identification:_identify(src/yolov5/runs/train/exp6/weights) by extension 'cmake'
[0.153s] Level 1:colcon.colcon_core.package_identification:_identify(src/yolov5/runs/train/exp6/weights) by extension 'python'
[0.153s] Level 1:colcon.colcon_core.package_identification:_identify(src/yolov5/runs/train/exp6/weights) by extensions ['python_setup_py']
[0.153s] Level 1:colcon.colcon_core.package_identification:_identify(src/yolov5/runs/train/exp6/weights) by extension 'python_setup_py'
[0.153s] Level 1:colcon.colcon_core.package_identification:_identify(src/yolov5/segment) by extensions ['ignore', 'ignore_ament_install']
[0.153s] Level 1:colcon.colcon_core.package_identification:_identify(src/yolov5/segment) by extension 'ignore'
[0.154s] Level 1:colcon.colcon_core.package_identification:_identify(src/yolov5/segment) by extension 'ignore_ament_install'
[0.154s] Level 1:colcon.colcon_core.package_identification:_identify(src/yolov5/segment) by extensions ['colcon_pkg']
[0.154s] Level 1:colcon.colcon_core.package_identification:_identify(src/yolov5/segment) by extension 'colcon_pkg'
[0.154s] Level 1:colcon.colcon_core.package_identification:_identify(src/yolov5/segment) by extensions ['colcon_meta']
[0.154s] Level 1:colcon.colcon_core.package_identification:_identify(src/yolov5/segment) by extension 'colcon_meta'
[0.154s] Level 1:colcon.colcon_core.package_identification:_identify(src/yolov5/segment) by extensions ['ros']
[0.154s] Level 1:colcon.colcon_core.package_identification:_identify(src/yolov5/segment) by extension 'ros'
[0.154s] Level 1:colcon.colcon_core.package_identification:_identify(src/yolov5/segment) by extensions ['cmake', 'python']
[0.154s] Level 1:colcon.colcon_core.package_identification:_identify(src/yolov5/segment) by extension 'cmake'
[0.154s] Level 1:colcon.colcon_core.package_identification:_identify(src/yolov5/segment) by extension 'python'
[0.154s] Level 1:colcon.colcon_core.package_identification:_identify(src/yolov5/segment) by extensions ['python_setup_py']
[0.154s] Level 1:colcon.colcon_core.package_identification:_identify(src/yolov5/segment) by extension 'python_setup_py'
[0.154s] Level 1:colcon.colcon_core.package_identification:_identify(src/yolov5/utils) by extensions ['ignore', 'ignore_ament_install']
[0.154s] Level 1:colcon.colcon_core.package_identification:_identify(src/yolov5/utils) by extension 'ignore'
[0.154s] Level 1:colcon.colcon_core.package_identification:_identify(src/yolov5/utils) by extension 'ignore_ament_install'
[0.154s] Level 1:colcon.colcon_core.package_identification:_identify(src/yolov5/utils) by extensions ['colcon_pkg']
[0.154s] Level 1:colcon.colcon_core.package_identification:_identify(src/yolov5/utils) by extension 'colcon_pkg'
[0.154s] Level 1:colcon.colcon_core.package_identification:_identify(src/yolov5/utils) by extensions ['colcon_meta']
[0.154s] Level 1:colcon.colcon_core.package_identification:_identify(src/yolov5/utils) by extension 'colcon_meta'
[0.154s] Level 1:colcon.colcon_core.package_identification:_identify(src/yolov5/utils) by extensions ['ros']
[0.154s] Level 1:colcon.colcon_core.package_identification:_identify(src/yolov5/utils) by extension 'ros'
[0.154s] Level 1:colcon.colcon_core.package_identification:_identify(src/yolov5/utils) by extensions ['cmake', 'python']
[0.154s] Level 1:colcon.colcon_core.package_identification:_identify(src/yolov5/utils) by extension 'cmake'
[0.154s] Level 1:colcon.colcon_core.package_identification:_identify(src/yolov5/utils) by extension 'python'
[0.154s] Level 1:colcon.colcon_core.package_identification:_identify(src/yolov5/utils) by extensions ['python_setup_py']
[0.154s] Level 1:colcon.colcon_core.package_identification:_identify(src/yolov5/utils) by extension 'python_setup_py'
[0.154s] Level 1:colcon.colcon_core.package_identification:_identify(src/yolov5/utils/__pycache__) by extensions ['ignore', 'ignore_ament_install']
[0.154s] Level 1:colcon.colcon_core.package_identification:_identify(src/yolov5/utils/__pycache__) by extension 'ignore'
[0.154s] Level 1:colcon.colcon_core.package_identification:_identify(src/yolov5/utils/__pycache__) by extension 'ignore_ament_install'
[0.154s] Level 1:colcon.colcon_core.package_identification:_identify(src/yolov5/utils/__pycache__) by extensions ['colcon_pkg']
[0.154s] Level 1:colcon.colcon_core.package_identification:_identify(src/yolov5/utils/__pycache__) by extension 'colcon_pkg'
[0.154s] Level 1:colcon.colcon_core.package_identification:_identify(src/yolov5/utils/__pycache__) by extensions ['colcon_meta']
[0.154s] Level 1:colcon.colcon_core.package_identification:_identify(src/yolov5/utils/__pycache__) by extension 'colcon_meta'
[0.154s] Level 1:colcon.colcon_core.package_identification:_identify(src/yolov5/utils/__pycache__) by extensions ['ros']
[0.154s] Level 1:colcon.colcon_core.package_identification:_identify(src/yolov5/utils/__pycache__) by extension 'ros'
[0.154s] Level 1:colcon.colcon_core.package_identification:_identify(src/yolov5/utils/__pycache__) by extensions ['cmake', 'python']
[0.154s] Level 1:colcon.colcon_core.package_identification:_identify(src/yolov5/utils/__pycache__) by extension 'cmake'
[0.154s] Level 1:colcon.colcon_core.package_identification:_identify(src/yolov5/utils/__pycache__) by extension 'python'
[0.154s] Level 1:colcon.colcon_core.package_identification:_identify(src/yolov5/utils/__pycache__) by extensions ['python_setup_py']
[0.154s] Level 1:colcon.colcon_core.package_identification:_identify(src/yolov5/utils/__pycache__) by extension 'python_setup_py'
[0.155s] Level 1:colcon.colcon_core.package_identification:_identify(src/yolov5/utils/aws) by extensions ['ignore', 'ignore_ament_install']
[0.155s] Level 1:colcon.colcon_core.package_identification:_identify(src/yolov5/utils/aws) by extension 'ignore'
[0.155s] Level 1:colcon.colcon_core.package_identification:_identify(src/yolov5/utils/aws) by extension 'ignore_ament_install'
[0.155s] Level 1:colcon.colcon_core.package_identification:_identify(src/yolov5/utils/aws) by extensions ['colcon_pkg']
[0.155s] Level 1:colcon.colcon_core.package_identification:_identify(src/yolov5/utils/aws) by extension 'colcon_pkg'
[0.155s] Level 1:colcon.colcon_core.package_identification:_identify(src/yolov5/utils/aws) by extensions ['colcon_meta']
[0.155s] Level 1:colcon.colcon_core.package_identification:_identify(src/yolov5/utils/aws) by extension 'colcon_meta'
[0.155s] Level 1:colcon.colcon_core.package_identification:_identify(src/yolov5/utils/aws) by extensions ['ros']
[0.155s] Level 1:colcon.colcon_core.package_identification:_identify(src/yolov5/utils/aws) by extension 'ros'
[0.155s] Level 1:colcon.colcon_core.package_identification:_identify(src/yolov5/utils/aws) by extensions ['cmake', 'python']
[0.155s] Level 1:colcon.colcon_core.package_identification:_identify(src/yolov5/utils/aws) by extension 'cmake'
[0.155s] Level 1:colcon.colcon_core.package_identification:_identify(src/yolov5/utils/aws) by extension 'python'
[0.155s] Level 1:colcon.colcon_core.package_identification:_identify(src/yolov5/utils/aws) by extensions ['python_setup_py']
[0.155s] Level 1:colcon.colcon_core.package_identification:_identify(src/yolov5/utils/aws) by extension 'python_setup_py'
[0.155s] Level 1:colcon.colcon_core.package_identification:_identify(src/yolov5/utils/docker) by extensions ['ignore', 'ignore_ament_install']
[0.155s] Level 1:colcon.colcon_core.package_identification:_identify(src/yolov5/utils/docker) by extension 'ignore'
[0.155s] Level 1:colcon.colcon_core.package_identification:_identify(src/yolov5/utils/docker) by extension 'ignore_ament_install'
[0.155s] Level 1:colcon.colcon_core.package_identification:_identify(src/yolov5/utils/docker) by extensions ['colcon_pkg']
[0.155s] Level 1:colcon.colcon_core.package_identification:_identify(src/yolov5/utils/docker) by extension 'colcon_pkg'
[0.155s] Level 1:colcon.colcon_core.package_identification:_identify(src/yolov5/utils/docker) by extensions ['colcon_meta']
[0.155s] Level 1:colcon.colcon_core.package_identification:_identify(src/yolov5/utils/docker) by extension 'colcon_meta'
[0.155s] Level 1:colcon.colcon_core.package_identification:_identify(src/yolov5/utils/docker) by extensions ['ros']
[0.155s] Level 1:colcon.colcon_core.package_identification:_identify(src/yolov5/utils/docker) by extension 'ros'
[0.155s] Level 1:colcon.colcon_core.package_identification:_identify(src/yolov5/utils/docker) by extensions ['cmake', 'python']
[0.155s] Level 1:colcon.colcon_core.package_identification:_identify(src/yolov5/utils/docker) by extension 'cmake'
[0.155s] Level 1:colcon.colcon_core.package_identification:_identify(src/yolov5/utils/docker) by extension 'python'
[0.155s] Level 1:colcon.colcon_core.package_identification:_identify(src/yolov5/utils/docker) by extensions ['python_setup_py']
[0.155s] Level 1:colcon.colcon_core.package_identification:_identify(src/yolov5/utils/docker) by extension 'python_setup_py'
[0.155s] Level 1:colcon.colcon_core.package_identification:_identify(src/yolov5/utils/flask_rest_api) by extensions ['ignore', 'ignore_ament_install']
[0.155s] Level 1:colcon.colcon_core.package_identification:_identify(src/yolov5/utils/flask_rest_api) by extension 'ignore'
[0.155s] Level 1:colcon.colcon_core.package_identification:_identify(src/yolov5/utils/flask_rest_api) by extension 'ignore_ament_install'
[0.155s] Level 1:colcon.colcon_core.package_identification:_identify(src/yolov5/utils/flask_rest_api) by extensions ['colcon_pkg']
[0.155s] Level 1:colcon.colcon_core.package_identification:_identify(src/yolov5/utils/flask_rest_api) by extension 'colcon_pkg'
[0.155s] Level 1:colcon.colcon_core.package_identification:_identify(src/yolov5/utils/flask_rest_api) by extensions ['colcon_meta']
[0.155s] Level 1:colcon.colcon_core.package_identification:_identify(src/yolov5/utils/flask_rest_api) by extension 'colcon_meta'
[0.155s] Level 1:colcon.colcon_core.package_identification:_identify(src/yolov5/utils/flask_rest_api) by extensions ['ros']
[0.155s] Level 1:colcon.colcon_core.package_identification:_identify(src/yolov5/utils/flask_rest_api) by extension 'ros'
[0.155s] Level 1:colcon.colcon_core.package_identification:_identify(src/yolov5/utils/flask_rest_api) by extensions ['cmake', 'python']
[0.155s] Level 1:colcon.colcon_core.package_identification:_identify(src/yolov5/utils/flask_rest_api) by extension 'cmake'
[0.155s] Level 1:colcon.colcon_core.package_identification:_identify(src/yolov5/utils/flask_rest_api) by extension 'python'
[0.155s] Level 1:colcon.colcon_core.package_identification:_identify(src/yolov5/utils/flask_rest_api) by extensions ['python_setup_py']
[0.156s] Level 1:colcon.colcon_core.package_identification:_identify(src/yolov5/utils/flask_rest_api) by extension 'python_setup_py'
[0.156s] Level 1:colcon.colcon_core.package_identification:_identify(src/yolov5/utils/google_app_engine) by extensions ['ignore', 'ignore_ament_install']
[0.156s] Level 1:colcon.colcon_core.package_identification:_identify(src/yolov5/utils/google_app_engine) by extension 'ignore'
[0.156s] Level 1:colcon.colcon_core.package_identification:_identify(src/yolov5/utils/google_app_engine) by extension 'ignore_ament_install'
[0.156s] Level 1:colcon.colcon_core.package_identification:_identify(src/yolov5/utils/google_app_engine) by extensions ['colcon_pkg']
[0.156s] Level 1:colcon.colcon_core.package_identification:_identify(src/yolov5/utils/google_app_engine) by extension 'colcon_pkg'
[0.156s] Level 1:colcon.colcon_core.package_identification:_identify(src/yolov5/utils/google_app_engine) by extensions ['colcon_meta']
[0.156s] Level 1:colcon.colcon_core.package_identification:_identify(src/yolov5/utils/google_app_engine) by extension 'colcon_meta'
[0.156s] Level 1:colcon.colcon_core.package_identification:_identify(src/yolov5/utils/google_app_engine) by extensions ['ros']
[0.156s] Level 1:colcon.colcon_core.package_identification:_identify(src/yolov5/utils/google_app_engine) by extension 'ros'
[0.156s] Level 1:colcon.colcon_core.package_identification:_identify(src/yolov5/utils/google_app_engine) by extensions ['cmake', 'python']
[0.156s] Level 1:colcon.colcon_core.package_identification:_identify(src/yolov5/utils/google_app_engine) by extension 'cmake'
[0.156s] Level 1:colcon.colcon_core.package_identification:_identify(src/yolov5/utils/google_app_engine) by extension 'python'
[0.156s] Level 1:colcon.colcon_core.package_identification:_identify(src/yolov5/utils/google_app_engine) by extensions ['python_setup_py']
[0.156s] Level 1:colcon.colcon_core.package_identification:_identify(src/yolov5/utils/google_app_engine) by extension 'python_setup_py'
[0.156s] Level 1:colcon.colcon_core.package_identification:_identify(src/yolov5/utils/loggers) by extensions ['ignore', 'ignore_ament_install']
[0.156s] Level 1:colcon.colcon_core.package_identification:_identify(src/yolov5/utils/loggers) by extension 'ignore'
[0.156s] Level 1:colcon.colcon_core.package_identification:_identify(src/yolov5/utils/loggers) by extension 'ignore_ament_install'
[0.156s] Level 1:colcon.colcon_core.package_identification:_identify(src/yolov5/utils/loggers) by extensions ['colcon_pkg']
[0.156s] Level 1:colcon.colcon_core.package_identification:_identify(src/yolov5/utils/loggers) by extension 'colcon_pkg'
[0.156s] Level 1:colcon.colcon_core.package_identification:_identify(src/yolov5/utils/loggers) by extensions ['colcon_meta']
[0.156s] Level 1:colcon.colcon_core.package_identification:_identify(src/yolov5/utils/loggers) by extension 'colcon_meta'
[0.156s] Level 1:colcon.colcon_core.package_identification:_identify(src/yolov5/utils/loggers) by extensions ['ros']
[0.156s] Level 1:colcon.colcon_core.package_identification:_identify(src/yolov5/utils/loggers) by extension 'ros'
[0.156s] Level 1:colcon.colcon_core.package_identification:_identify(src/yolov5/utils/loggers) by extensions ['cmake', 'python']
[0.156s] Level 1:colcon.colcon_core.package_identification:_identify(src/yolov5/utils/loggers) by extension 'cmake'
[0.156s] Level 1:colcon.colcon_core.package_identification:_identify(src/yolov5/utils/loggers) by extension 'python'
[0.156s] Level 1:colcon.colcon_core.package_identification:_identify(src/yolov5/utils/loggers) by extensions ['python_setup_py']
[0.156s] Level 1:colcon.colcon_core.package_identification:_identify(src/yolov5/utils/loggers) by extension 'python_setup_py'
[0.156s] Level 1:colcon.colcon_core.package_identification:_identify(src/yolov5/utils/loggers/__pycache__) by extensions ['ignore', 'ignore_ament_install']
[0.156s] Level 1:colcon.colcon_core.package_identification:_identify(src/yolov5/utils/loggers/__pycache__) by extension 'ignore'
[0.156s] Level 1:colcon.colcon_core.package_identification:_identify(src/yolov5/utils/loggers/__pycache__) by extension 'ignore_ament_install'
[0.156s] Level 1:colcon.colcon_core.package_identification:_identify(src/yolov5/utils/loggers/__pycache__) by extensions ['colcon_pkg']
[0.156s] Level 1:colcon.colcon_core.package_identification:_identify(src/yolov5/utils/loggers/__pycache__) by extension 'colcon_pkg'
[0.156s] Level 1:colcon.colcon_core.package_identification:_identify(src/yolov5/utils/loggers/__pycache__) by extensions ['colcon_meta']
[0.156s] Level 1:colcon.colcon_core.package_identification:_identify(src/yolov5/utils/loggers/__pycache__) by extension 'colcon_meta'
[0.156s] Level 1:colcon.colcon_core.package_identification:_identify(src/yolov5/utils/loggers/__pycache__) by extensions ['ros']
[0.156s] Level 1:colcon.colcon_core.package_identification:_identify(src/yolov5/utils/loggers/__pycache__) by extension 'ros'
[0.156s] Level 1:colcon.colcon_core.package_identification:_identify(src/yolov5/utils/loggers/__pycache__) by extensions ['cmake', 'python']
[0.156s] Level 1:colcon.colcon_core.package_identification:_identify(src/yolov5/utils/loggers/__pycache__) by extension 'cmake'
[0.157s] Level 1:colcon.colcon_core.package_identification:_identify(src/yolov5/utils/loggers/__pycache__) by extension 'python'
[0.157s] Level 1:colcon.colcon_core.package_identification:_identify(src/yolov5/utils/loggers/__pycache__) by extensions ['python_setup_py']
[0.157s] Level 1:colcon.colcon_core.package_identification:_identify(src/yolov5/utils/loggers/__pycache__) by extension 'python_setup_py'
[0.157s] Level 1:colcon.colcon_core.package_identification:_identify(src/yolov5/utils/loggers/clearml) by extensions ['ignore', 'ignore_ament_install']
[0.157s] Level 1:colcon.colcon_core.package_identification:_identify(src/yolov5/utils/loggers/clearml) by extension 'ignore'
[0.157s] Level 1:colcon.colcon_core.package_identification:_identify(src/yolov5/utils/loggers/clearml) by extension 'ignore_ament_install'
[0.157s] Level 1:colcon.colcon_core.package_identification:_identify(src/yolov5/utils/loggers/clearml) by extensions ['colcon_pkg']
[0.157s] Level 1:colcon.colcon_core.package_identification:_identify(src/yolov5/utils/loggers/clearml) by extension 'colcon_pkg'
[0.157s] Level 1:colcon.colcon_core.package_identification:_identify(src/yolov5/utils/loggers/clearml) by extensions ['colcon_meta']
[0.157s] Level 1:colcon.colcon_core.package_identification:_identify(src/yolov5/utils/loggers/clearml) by extension 'colcon_meta'
[0.157s] Level 1:colcon.colcon_core.package_identification:_identify(src/yolov5/utils/loggers/clearml) by extensions ['ros']
[0.157s] Level 1:colcon.colcon_core.package_identification:_identify(src/yolov5/utils/loggers/clearml) by extension 'ros'
[0.157s] Level 1:colcon.colcon_core.package_identification:_identify(src/yolov5/utils/loggers/clearml) by extensions ['cmake', 'python']
[0.157s] Level 1:colcon.colcon_core.package_identification:_identify(src/yolov5/utils/loggers/clearml) by extension 'cmake'
[0.157s] Level 1:colcon.colcon_core.package_identification:_identify(src/yolov5/utils/loggers/clearml) by extension 'python'
[0.157s] Level 1:colcon.colcon_core.package_identification:_identify(src/yolov5/utils/loggers/clearml) by extensions ['python_setup_py']
[0.157s] Level 1:colcon.colcon_core.package_identification:_identify(src/yolov5/utils/loggers/clearml) by extension 'python_setup_py'
[0.157s] Level 1:colcon.colcon_core.package_identification:_identify(src/yolov5/utils/loggers/clearml/__pycache__) by extensions ['ignore', 'ignore_ament_install']
[0.157s] Level 1:colcon.colcon_core.package_identification:_identify(src/yolov5/utils/loggers/clearml/__pycache__) by extension 'ignore'
[0.157s] Level 1:colcon.colcon_core.package_identification:_identify(src/yolov5/utils/loggers/clearml/__pycache__) by extension 'ignore_ament_install'
[0.157s] Level 1:colcon.colcon_core.package_identification:_identify(src/yolov5/utils/loggers/clearml/__pycache__) by extensions ['colcon_pkg']
[0.157s] Level 1:colcon.colcon_core.package_identification:_identify(src/yolov5/utils/loggers/clearml/__pycache__) by extension 'colcon_pkg'
[0.157s] Level 1:colcon.colcon_core.package_identification:_identify(src/yolov5/utils/loggers/clearml/__pycache__) by extensions ['colcon_meta']
[0.157s] Level 1:colcon.colcon_core.package_identification:_identify(src/yolov5/utils/loggers/clearml/__pycache__) by extension 'colcon_meta'
[0.157s] Level 1:colcon.colcon_core.package_identification:_identify(src/yolov5/utils/loggers/clearml/__pycache__) by extensions ['ros']
[0.157s] Level 1:colcon.colcon_core.package_identification:_identify(src/yolov5/utils/loggers/clearml/__pycache__) by extension 'ros'
[0.157s] Level 1:colcon.colcon_core.package_identification:_identify(src/yolov5/utils/loggers/clearml/__pycache__) by extensions ['cmake', 'python']
[0.157s] Level 1:colcon.colcon_core.package_identification:_identify(src/yolov5/utils/loggers/clearml/__pycache__) by extension 'cmake'
[0.157s] Level 1:colcon.colcon_core.package_identification:_identify(src/yolov5/utils/loggers/clearml/__pycache__) by extension 'python'
[0.157s] Level 1:colcon.colcon_core.package_identification:_identify(src/yolov5/utils/loggers/clearml/__pycache__) by extensions ['python_setup_py']
[0.157s] Level 1:colcon.colcon_core.package_identification:_identify(src/yolov5/utils/loggers/clearml/__pycache__) by extension 'python_setup_py'
[0.157s] Level 1:colcon.colcon_core.package_identification:_identify(src/yolov5/utils/loggers/comet) by extensions ['ignore', 'ignore_ament_install']
[0.157s] Level 1:colcon.colcon_core.package_identification:_identify(src/yolov5/utils/loggers/comet) by extension 'ignore'
[0.157s] Level 1:colcon.colcon_core.package_identification:_identify(src/yolov5/utils/loggers/comet) by extension 'ignore_ament_install'
[0.157s] Level 1:colcon.colcon_core.package_identification:_identify(src/yolov5/utils/loggers/comet) by extensions ['colcon_pkg']
[0.157s] Level 1:colcon.colcon_core.package_identification:_identify(src/yolov5/utils/loggers/comet) by extension 'colcon_pkg'
[0.157s] Level 1:colcon.colcon_core.package_identification:_identify(src/yolov5/utils/loggers/comet) by extensions ['colcon_meta']
[0.157s] Level 1:colcon.colcon_core.package_identification:_identify(src/yolov5/utils/loggers/comet) by extension 'colcon_meta'
[0.157s] Level 1:colcon.colcon_core.package_identification:_identify(src/yolov5/utils/loggers/comet) by extensions ['ros']
[0.157s] Level 1:colcon.colcon_core.package_identification:_identify(src/yolov5/utils/loggers/comet) by extension 'ros'
[0.158s] Level 1:colcon.colcon_core.package_identification:_identify(src/yolov5/utils/loggers/comet) by extensions ['cmake', 'python']
[0.158s] Level 1:colcon.colcon_core.package_identification:_identify(src/yolov5/utils/loggers/comet) by extension 'cmake'
[0.158s] Level 1:colcon.colcon_core.package_identification:_identify(src/yolov5/utils/loggers/comet) by extension 'python'
[0.158s] Level 1:colcon.colcon_core.package_identification:_identify(src/yolov5/utils/loggers/comet) by extensions ['python_setup_py']
[0.158s] Level 1:colcon.colcon_core.package_identification:_identify(src/yolov5/utils/loggers/comet) by extension 'python_setup_py'
[0.158s] Level 1:colcon.colcon_core.package_identification:_identify(src/yolov5/utils/loggers/comet/__pycache__) by extensions ['ignore', 'ignore_ament_install']
[0.158s] Level 1:colcon.colcon_core.package_identification:_identify(src/yolov5/utils/loggers/comet/__pycache__) by extension 'ignore'
[0.158s] Level 1:colcon.colcon_core.package_identification:_identify(src/yolov5/utils/loggers/comet/__pycache__) by extension 'ignore_ament_install'
[0.158s] Level 1:colcon.colcon_core.package_identification:_identify(src/yolov5/utils/loggers/comet/__pycache__) by extensions ['colcon_pkg']
[0.158s] Level 1:colcon.colcon_core.package_identification:_identify(src/yolov5/utils/loggers/comet/__pycache__) by extension 'colcon_pkg'
[0.158s] Level 1:colcon.colcon_core.package_identification:_identify(src/yolov5/utils/loggers/comet/__pycache__) by extensions ['colcon_meta']
[0.158s] Level 1:colcon.colcon_core.package_identification:_identify(src/yolov5/utils/loggers/comet/__pycache__) by extension 'colcon_meta'
[0.158s] Level 1:colcon.colcon_core.package_identification:_identify(src/yolov5/utils/loggers/comet/__pycache__) by extensions ['ros']
[0.158s] Level 1:colcon.colcon_core.package_identification:_identify(src/yolov5/utils/loggers/comet/__pycache__) by extension 'ros'
[0.158s] Level 1:colcon.colcon_core.package_identification:_identify(src/yolov5/utils/loggers/comet/__pycache__) by extensions ['cmake', 'python']
[0.158s] Level 1:colcon.colcon_core.package_identification:_identify(src/yolov5/utils/loggers/comet/__pycache__) by extension 'cmake'
[0.158s] Level 1:colcon.colcon_core.package_identification:_identify(src/yolov5/utils/loggers/comet/__pycache__) by extension 'python'
[0.158s] Level 1:colcon.colcon_core.package_identification:_identify(src/yolov5/utils/loggers/comet/__pycache__) by extensions ['python_setup_py']
[0.158s] Level 1:colcon.colcon_core.package_identification:_identify(src/yolov5/utils/loggers/comet/__pycache__) by extension 'python_setup_py'
[0.158s] Level 1:colcon.colcon_core.package_identification:_identify(src/yolov5/utils/loggers/wandb) by extensions ['ignore', 'ignore_ament_install']
[0.158s] Level 1:colcon.colcon_core.package_identification:_identify(src/yolov5/utils/loggers/wandb) by extension 'ignore'
[0.158s] Level 1:colcon.colcon_core.package_identification:_identify(src/yolov5/utils/loggers/wandb) by extension 'ignore_ament_install'
[0.158s] Level 1:colcon.colcon_core.package_identification:_identify(src/yolov5/utils/loggers/wandb) by extensions ['colcon_pkg']
[0.158s] Level 1:colcon.colcon_core.package_identification:_identify(src/yolov5/utils/loggers/wandb) by extension 'colcon_pkg'
[0.158s] Level 1:colcon.colcon_core.package_identification:_identify(src/yolov5/utils/loggers/wandb) by extensions ['colcon_meta']
[0.158s] Level 1:colcon.colcon_core.package_identification:_identify(src/yolov5/utils/loggers/wandb) by extension 'colcon_meta'
[0.158s] Level 1:colcon.colcon_core.package_identification:_identify(src/yolov5/utils/loggers/wandb) by extensions ['ros']
[0.158s] Level 1:colcon.colcon_core.package_identification:_identify(src/yolov5/utils/loggers/wandb) by extension 'ros'
[0.158s] Level 1:colcon.colcon_core.package_identification:_identify(src/yolov5/utils/loggers/wandb) by extensions ['cmake', 'python']
[0.158s] Level 1:colcon.colcon_core.package_identification:_identify(src/yolov5/utils/loggers/wandb) by extension 'cmake'
[0.158s] Level 1:colcon.colcon_core.package_identification:_identify(src/yolov5/utils/loggers/wandb) by extension 'python'
[0.158s] Level 1:colcon.colcon_core.package_identification:_identify(src/yolov5/utils/loggers/wandb) by extensions ['python_setup_py']
[0.158s] Level 1:colcon.colcon_core.package_identification:_identify(src/yolov5/utils/loggers/wandb) by extension 'python_setup_py'
[0.158s] Level 1:colcon.colcon_core.package_identification:_identify(src/yolov5/utils/loggers/wandb/__pycache__) by extensions ['ignore', 'ignore_ament_install']
[0.158s] Level 1:colcon.colcon_core.package_identification:_identify(src/yolov5/utils/loggers/wandb/__pycache__) by extension 'ignore'
[0.158s] Level 1:colcon.colcon_core.package_identification:_identify(src/yolov5/utils/loggers/wandb/__pycache__) by extension 'ignore_ament_install'
[0.158s] Level 1:colcon.colcon_core.package_identification:_identify(src/yolov5/utils/loggers/wandb/__pycache__) by extensions ['colcon_pkg']
[0.158s] Level 1:colcon.colcon_core.package_identification:_identify(src/yolov5/utils/loggers/wandb/__pycache__) by extension 'colcon_pkg'
[0.158s] Level 1:colcon.colcon_core.package_identification:_identify(src/yolov5/utils/loggers/wandb/__pycache__) by extensions ['colcon_meta']
[0.158s] Level 1:colcon.colcon_core.package_identification:_identify(src/yolov5/utils/loggers/wandb/__pycache__) by extension 'colcon_meta'
[0.159s] Level 1:colcon.colcon_core.package_identification:_identify(src/yolov5/utils/loggers/wandb/__pycache__) by extensions ['ros']
[0.159s] Level 1:colcon.colcon_core.package_identification:_identify(src/yolov5/utils/loggers/wandb/__pycache__) by extension 'ros'
[0.159s] Level 1:colcon.colcon_core.package_identification:_identify(src/yolov5/utils/loggers/wandb/__pycache__) by extensions ['cmake', 'python']
[0.159s] Level 1:colcon.colcon_core.package_identification:_identify(src/yolov5/utils/loggers/wandb/__pycache__) by extension 'cmake'
[0.159s] Level 1:colcon.colcon_core.package_identification:_identify(src/yolov5/utils/loggers/wandb/__pycache__) by extension 'python'
[0.159s] Level 1:colcon.colcon_core.package_identification:_identify(src/yolov5/utils/loggers/wandb/__pycache__) by extensions ['python_setup_py']
[0.159s] Level 1:colcon.colcon_core.package_identification:_identify(src/yolov5/utils/loggers/wandb/__pycache__) by extension 'python_setup_py'
[0.159s] Level 1:colcon.colcon_core.package_identification:_identify(src/yolov5/utils/segment) by extensions ['ignore', 'ignore_ament_install']
[0.159s] Level 1:colcon.colcon_core.package_identification:_identify(src/yolov5/utils/segment) by extension 'ignore'
[0.159s] Level 1:colcon.colcon_core.package_identification:_identify(src/yolov5/utils/segment) by extension 'ignore_ament_install'
[0.159s] Level 1:colcon.colcon_core.package_identification:_identify(src/yolov5/utils/segment) by extensions ['colcon_pkg']
[0.159s] Level 1:colcon.colcon_core.package_identification:_identify(src/yolov5/utils/segment) by extension 'colcon_pkg'
[0.159s] Level 1:colcon.colcon_core.package_identification:_identify(src/yolov5/utils/segment) by extensions ['colcon_meta']
[0.159s] Level 1:colcon.colcon_core.package_identification:_identify(src/yolov5/utils/segment) by extension 'colcon_meta'
[0.159s] Level 1:colcon.colcon_core.package_identification:_identify(src/yolov5/utils/segment) by extensions ['ros']
[0.159s] Level 1:colcon.colcon_core.package_identification:_identify(src/yolov5/utils/segment) by extension 'ros'
[0.159s] Level 1:colcon.colcon_core.package_identification:_identify(src/yolov5/utils/segment) by extensions ['cmake', 'python']
[0.159s] Level 1:colcon.colcon_core.package_identification:_identify(src/yolov5/utils/segment) by extension 'cmake'
[0.159s] Level 1:colcon.colcon_core.package_identification:_identify(src/yolov5/utils/segment) by extension 'python'
[0.159s] Level 1:colcon.colcon_core.package_identification:_identify(src/yolov5/utils/segment) by extensions ['python_setup_py']
[0.159s] Level 1:colcon.colcon_core.package_identification:_identify(src/yolov5/utils/segment) by extension 'python_setup_py'
[0.159s] Level 1:colcon.colcon_core.package_discovery:discover_packages(recursive) using defaults
[0.159s] Level 1:colcon.colcon_core.package_discovery:discover_packages(ignore) discover
[0.159s] Level 1:colcon.colcon_core.package_discovery:discover_packages(ignore) using defaults
[0.159s] Level 1:colcon.colcon_core.package_discovery:discover_packages(path) discover
[0.159s] Level 1:colcon.colcon_core.package_discovery:discover_packages(path) using defaults
[0.174s] Level 1:colcon.colcon_core.package_discovery:discover_packages(prefix_path) check parameters
[0.174s] Level 1:colcon.colcon_core.package_discovery:discover_packages(prefix_path) discover
[0.175s] DEBUG:colcon.colcon_installed_package_information.package_discovery:Found 1 installed packages in /home/projet_sysmer/ros2_ws/install
[0.175s] DEBUG:colcon.colcon_installed_package_information.package_discovery:Found 2 installed packages in /home/projet_sysmer/install
[0.176s] DEBUG:colcon.colcon_installed_package_information.package_discovery:Found 311 installed packages in /opt/ros/iron
[0.177s] Level 1:colcon.colcon_core.package_discovery:discover_packages(prefix_path) using defaults
[0.208s] Level 5:colcon.colcon_core.verb:set package 'autonomous_rov' build argument 'cmake_args' from command line to 'None'
[0.208s] Level 5:colcon.colcon_core.verb:set package 'autonomous_rov' build argument 'cmake_target' from command line to 'None'
[0.208s] Level 5:colcon.colcon_core.verb:set package 'autonomous_rov' build argument 'cmake_target_skip_unavailable' from command line to 'False'
[0.208s] Level 5:colcon.colcon_core.verb:set package 'autonomous_rov' build argument 'cmake_clean_cache' from command line to 'False'
[0.208s] Level 5:colcon.colcon_core.verb:set package 'autonomous_rov' build argument 'cmake_clean_first' from command line to 'False'
[0.208s] Level 5:colcon.colcon_core.verb:set package 'autonomous_rov' build argument 'cmake_force_configure' from command line to 'False'
[0.208s] Level 5:colcon.colcon_core.verb:set package 'autonomous_rov' build argument 'ament_cmake_args' from command line to 'None'
[0.208s] Level 5:colcon.colcon_core.verb:set package 'autonomous_rov' build argument 'catkin_cmake_args' from command line to 'None'
[0.208s] Level 5:colcon.colcon_core.verb:set package 'autonomous_rov' build argument 'catkin_skip_building_tests' from command line to 'False'
[0.208s] DEBUG:colcon.colcon_core.verb:Building package 'autonomous_rov' with the following arguments: {'ament_cmake_args': None, 'build_base': '/home/projet_sysmer/ros2_ws/build/autonomous_rov', 'catkin_cmake_args': None, 'catkin_skip_building_tests': False, 'cmake_args': None, 'cmake_clean_cache': False, 'cmake_clean_first': False, 'cmake_force_configure': False, 'cmake_target': None, 'cmake_target_skip_unavailable': False, 'install_base': '/home/projet_sysmer/ros2_ws/install/autonomous_rov', 'merge_install': False, 'path': '/home/projet_sysmer/ros2_ws/src/autonomous_rov', 'symlink_install': False, 'test_result_base': None}
[0.208s] INFO:colcon.colcon_core.executor:Executing jobs using 'parallel' executor
[0.209s] DEBUG:colcon.colcon_parallel_executor.executor.parallel:run_until_complete
[0.209s] INFO:colcon.colcon_ros.task.ament_python.build:Building ROS package in '/home/projet_sysmer/ros2_ws/src/autonomous_rov' with build type 'ament_python'
[0.209s] Level 1:colcon.colcon_core.shell:create_environment_hook('autonomous_rov', 'ament_prefix_path')
[0.212s] INFO:colcon.colcon_core.plugin_system:Skipping extension 'colcon_core.shell.bat': Not used on non-Windows systems
[0.212s] INFO:colcon.colcon_core.shell:Creating environment hook '/home/projet_sysmer/ros2_ws/install/autonomous_rov/share/autonomous_rov/hook/ament_prefix_path.ps1'
[0.213s] INFO:colcon.colcon_core.shell:Creating environment descriptor '/home/projet_sysmer/ros2_ws/install/autonomous_rov/share/autonomous_rov/hook/ament_prefix_path.dsv'
[0.214s] INFO:colcon.colcon_core.shell:Creating environment hook '/home/projet_sysmer/ros2_ws/install/autonomous_rov/share/autonomous_rov/hook/ament_prefix_path.sh'
[0.215s] INFO:colcon.colcon_core.shell:Skip shell extension 'powershell' for command environment: Not usable outside of PowerShell
[0.215s] DEBUG:colcon.colcon_core.shell:Skip shell extension 'dsv' for command environment
[0.398s] INFO:colcon.colcon_core.task.python.build:Building Python package in '/home/projet_sysmer/ros2_ws/src/autonomous_rov'
[0.398s] INFO:colcon.colcon_core.shell:Skip shell extension 'powershell' for command environment: Not usable outside of PowerShell
[0.398s] DEBUG:colcon.colcon_core.shell:Skip shell extension 'dsv' for command environment
[0.815s] DEBUG:colcon.colcon_core.event_handler.log_command:Invoking command in '/home/projet_sysmer/ros2_ws/src/autonomous_rov': PYTHONPATH=/home/projet_sysmer/ros2_ws/build/autonomous_rov/prefix_override:/usr/lib/python3/dist-packages/colcon_core/task/python/colcon_distutils_commands:/home/projet_sysmer/ros2_ws/install/autonomous_rov/lib/python3.10/site-packages:${PYTHONPATH} /usr/bin/python3 -W ignore:setup.py install is deprecated -W ignore:easy_install command is deprecated setup.py egg_info --egg-base ../../build/autonomous_rov build --build-base /home/projet_sysmer/ros2_ws/build/autonomous_rov/build install --record /home/projet_sysmer/ros2_ws/build/autonomous_rov/install.log --single-version-externally-managed install_data
[1.213s] DEBUG:colcon.colcon_core.event_handler.log_command:Invoked command in '/home/projet_sysmer/ros2_ws/src/autonomous_rov' returned '0': PYTHONPATH=/home/projet_sysmer/ros2_ws/build/autonomous_rov/prefix_override:/usr/lib/python3/dist-packages/colcon_core/task/python/colcon_distutils_commands:/home/projet_sysmer/ros2_ws/install/autonomous_rov/lib/python3.10/site-packages:${PYTHONPATH} /usr/bin/python3 -W ignore:setup.py install is deprecated -W ignore:easy_install command is deprecated setup.py egg_info --egg-base ../../build/autonomous_rov build --build-base /home/projet_sysmer/ros2_ws/build/autonomous_rov/build install --record /home/projet_sysmer/ros2_ws/build/autonomous_rov/install.log --single-version-externally-managed install_data
[1.217s] Level 1:colcon.colcon_core.environment:checking '/home/projet_sysmer/ros2_ws/install/autonomous_rov' for CMake module files
[1.217s] Level 1:colcon.colcon_core.environment:checking '/home/projet_sysmer/ros2_ws/install/autonomous_rov' for CMake config files
[1.219s] Level 1:colcon.colcon_core.environment:checking '/home/projet_sysmer/ros2_ws/install/autonomous_rov/lib'
[1.219s] Level 1:colcon.colcon_core.environment:checking '/home/projet_sysmer/ros2_ws/install/autonomous_rov/bin'
[1.219s] Level 1:colcon.colcon_core.environment:checking '/home/projet_sysmer/ros2_ws/install/autonomous_rov/lib/pkgconfig/autonomous_rov.pc'
[1.219s] Level 1:colcon.colcon_core.environment:checking '/home/projet_sysmer/ros2_ws/install/autonomous_rov/lib/python3.10/site-packages'
[1.219s] Level 1:colcon.colcon_core.shell:create_environment_hook('autonomous_rov', 'pythonpath')
[1.219s] INFO:colcon.colcon_core.shell:Creating environment hook '/home/projet_sysmer/ros2_ws/install/autonomous_rov/share/autonomous_rov/hook/pythonpath.ps1'
[1.220s] INFO:colcon.colcon_core.shell:Creating environment descriptor '/home/projet_sysmer/ros2_ws/install/autonomous_rov/share/autonomous_rov/hook/pythonpath.dsv'
[1.220s] INFO:colcon.colcon_core.shell:Creating environment hook '/home/projet_sysmer/ros2_ws/install/autonomous_rov/share/autonomous_rov/hook/pythonpath.sh'
[1.220s] Level 1:colcon.colcon_core.environment:checking '/home/projet_sysmer/ros2_ws/install/autonomous_rov/bin'
[1.220s] Level 1:colcon.colcon_core.environment:create_environment_scripts_only(autonomous_rov)
[1.221s] INFO:colcon.colcon_core.shell:Creating package script '/home/projet_sysmer/ros2_ws/install/autonomous_rov/share/autonomous_rov/package.ps1'
[1.221s] INFO:colcon.colcon_core.shell:Creating package descriptor '/home/projet_sysmer/ros2_ws/install/autonomous_rov/share/autonomous_rov/package.dsv'
[1.222s] INFO:colcon.colcon_core.shell:Creating package script '/home/projet_sysmer/ros2_ws/install/autonomous_rov/share/autonomous_rov/package.sh'
[1.222s] INFO:colcon.colcon_core.shell:Creating package script '/home/projet_sysmer/ros2_ws/install/autonomous_rov/share/autonomous_rov/package.bash'
[1.222s] INFO:colcon.colcon_core.shell:Creating package script '/home/projet_sysmer/ros2_ws/install/autonomous_rov/share/autonomous_rov/package.zsh'
[1.223s] Level 1:colcon.colcon_core.environment:create_file_with_runtime_dependencies(/home/projet_sysmer/ros2_ws/install/autonomous_rov/share/colcon-core/packages/autonomous_rov)
[1.223s] DEBUG:colcon.colcon_parallel_executor.executor.parallel:closing loop
[1.223s] DEBUG:colcon.colcon_parallel_executor.executor.parallel:loop closed
[1.223s] DEBUG:colcon.colcon_parallel_executor.executor.parallel:run_until_complete finished with '0'
[1.223s] DEBUG:colcon.colcon_core.event_reactor:joining thread
[1.230s] INFO:colcon.colcon_core.plugin_system:Skipping extension 'colcon_notification.desktop_notification.terminal_notifier': Not used on non-Darwin systems
[1.230s] INFO:colcon.colcon_core.plugin_system:Skipping extension 'colcon_notification.desktop_notification.win32': Not used on non-Windows systems
[1.230s] INFO:colcon.colcon_notification.desktop_notification:Sending desktop notification using 'notify2'
[1.251s] DEBUG:colcon.colcon_core.event_reactor:joined thread
[1.251s] INFO:colcon.colcon_core.shell:Creating prefix script '/home/projet_sysmer/ros2_ws/install/local_setup.ps1'
[1.252s] INFO:colcon.colcon_core.shell:Creating prefix util module '/home/projet_sysmer/ros2_ws/install/_local_setup_util_ps1.py'
[1.254s] INFO:colcon.colcon_core.shell:Creating prefix chain script '/home/projet_sysmer/ros2_ws/install/setup.ps1'
[1.255s] INFO:colcon.colcon_core.shell:Creating prefix script '/home/projet_sysmer/ros2_ws/install/local_setup.sh'
[1.256s] INFO:colcon.colcon_core.shell:Creating prefix util module '/home/projet_sysmer/ros2_ws/install/_local_setup_util_sh.py'
[1.256s] INFO:colcon.colcon_core.shell:Creating prefix chain script '/home/projet_sysmer/ros2_ws/install/setup.sh'
[1.257s] INFO:colcon.colcon_core.shell:Creating prefix script '/home/projet_sysmer/ros2_ws/install/local_setup.bash'
[1.258s] INFO:colcon.colcon_core.shell:Creating prefix chain script '/home/projet_sysmer/ros2_ws/install/setup.bash'
[1.259s] INFO:colcon.colcon_core.shell:Creating prefix script '/home/projet_sysmer/ros2_ws/install/local_setup.zsh'
[1.259s] INFO:colcon.colcon_core.shell:Creating prefix chain script '/home/projet_sysmer/ros2_ws/install/setup.zsh'
