[0.816s] Invoking command in '/home/projet_sysmer/ros2_ws/src/ping_sonar_ros-master': PYTHONPATH=/home/projet_sysmer/ros2_ws/build/ping_sonar_ros/prefix_override:/usr/lib/python3/dist-packages/colcon_core/task/python/colcon_distutils_commands:/home/projet_sysmer/ros2_ws/install/ping_sonar_ros/lib/python3.10/site-packages:${PYTHONPATH} /usr/bin/python3 -W ignore:setup.py install is deprecated -W ignore:easy_install command is deprecated setup.py egg_info --egg-base ../../build/ping_sonar_ros build --build-base /home/projet_sysmer/ros2_ws/build/ping_sonar_ros/build install --record /home/projet_sysmer/ros2_ws/build/ping_sonar_ros/install.log --single-version-externally-managed install_data
[1.030s] running egg_info
[1.030s] creating ../../build/ping_sonar_ros/ping_sonar_ros.egg-info
[1.041s] writing ../../build/ping_sonar_ros/ping_sonar_ros.egg-info/PKG-INFO
[1.042s] writing dependency_links to ../../build/ping_sonar_ros/ping_sonar_ros.egg-info/dependency_links.txt
[1.042s] writing entry points to ../../build/ping_sonar_ros/ping_sonar_ros.egg-info/entry_points.txt
[1.043s] writing requirements to ../../build/ping_sonar_ros/ping_sonar_ros.egg-info/requires.txt
[1.043s] writing top-level names to ../../build/ping_sonar_ros/ping_sonar_ros.egg-info/top_level.txt
[1.043s] writing manifest file '../../build/ping_sonar_ros/ping_sonar_ros.egg-info/SOURCES.txt'
[1.068s] reading manifest file '../../build/ping_sonar_ros/ping_sonar_ros.egg-info/SOURCES.txt'
[1.068s] adding license file 'LICENSE'
[1.069s] writing manifest file '../../build/ping_sonar_ros/ping_sonar_ros.egg-info/SOURCES.txt'
[1.069s] running build
[1.069s] running build_py
[1.070s] creating /home/projet_sysmer/ros2_ws/build/ping_sonar_ros/build
[1.070s] creating /home/projet_sysmer/ros2_ws/build/ping_sonar_ros/build/lib
[1.070s] creating /home/projet_sysmer/ros2_ws/build/ping_sonar_ros/build/lib/ping_sonar_ros
[1.070s] copying ping_sonar_ros/range_pub_component.py -> /home/projet_sysmer/ros2_ws/build/ping_sonar_ros/build/lib/ping_sonar_ros
[1.070s] copying ping_sonar_ros/ping1d_component.py -> /home/projet_sysmer/ros2_ws/build/ping_sonar_ros/build/lib/ping_sonar_ros
[1.071s] copying ping_sonar_ros/ping1d_node.py -> /home/projet_sysmer/ros2_ws/build/ping_sonar_ros/build/lib/ping_sonar_ros
[1.071s] copying ping_sonar_ros/__init__.py -> /home/projet_sysmer/ros2_ws/build/ping_sonar_ros/build/lib/ping_sonar_ros
[1.071s] copying ping_sonar_ros/range_pub_node.py -> /home/projet_sysmer/ros2_ws/build/ping_sonar_ros/build/lib/ping_sonar_ros
[1.072s] creating /home/projet_sysmer/ros2_ws/build/ping_sonar_ros/build/lib/ping_sonar_ros/ping-python
[1.072s] creating /home/projet_sysmer/ros2_ws/build/ping_sonar_ros/build/lib/ping_sonar_ros/ping-python/brping
[1.072s] copying ping_sonar_ros/ping-python/brping/ping1d.py -> /home/projet_sysmer/ros2_ws/build/ping_sonar_ros/build/lib/ping_sonar_ros/ping-python/brping
[1.072s] copying ping_sonar_ros/ping-python/brping/device.py -> /home/projet_sysmer/ros2_ws/build/ping_sonar_ros/build/lib/ping_sonar_ros/ping-python/brping
[1.072s] copying ping_sonar_ros/ping-python/brping/ping360.py -> /home/projet_sysmer/ros2_ws/build/ping_sonar_ros/build/lib/ping_sonar_ros/ping-python/brping
[1.073s] copying ping_sonar_ros/ping-python/brping/definitions.py -> /home/projet_sysmer/ros2_ws/build/ping_sonar_ros/build/lib/ping_sonar_ros/ping-python/brping
[1.073s] copying ping_sonar_ros/ping-python/brping/__init__.py -> /home/projet_sysmer/ros2_ws/build/ping_sonar_ros/build/lib/ping_sonar_ros/ping-python/brping
[1.073s] copying ping_sonar_ros/ping-python/brping/pingmessage.py -> /home/projet_sysmer/ros2_ws/build/ping_sonar_ros/build/lib/ping_sonar_ros/ping-python/brping
[1.073s] running install
[1.079s] running install_lib
[1.095s] creating /home/projet_sysmer/ros2_ws/install/ping_sonar_ros/lib/python3.10/site-packages/ping_sonar_ros
[1.096s] creating /home/projet_sysmer/ros2_ws/install/ping_sonar_ros/lib/python3.10/site-packages/ping_sonar_ros/ping-python
[1.096s] creating /home/projet_sysmer/ros2_ws/install/ping_sonar_ros/lib/python3.10/site-packages/ping_sonar_ros/ping-python/brping
[1.096s] copying /home/projet_sysmer/ros2_ws/build/ping_sonar_ros/build/lib/ping_sonar_ros/ping-python/brping/ping1d.py -> /home/projet_sysmer/ros2_ws/install/ping_sonar_ros/lib/python3.10/site-packages/ping_sonar_ros/ping-python/brping
[1.097s] copying /home/projet_sysmer/ros2_ws/build/ping_sonar_ros/build/lib/ping_sonar_ros/ping-python/brping/device.py -> /home/projet_sysmer/ros2_ws/install/ping_sonar_ros/lib/python3.10/site-packages/ping_sonar_ros/ping-python/brping
[1.097s] copying /home/projet_sysmer/ros2_ws/build/ping_sonar_ros/build/lib/ping_sonar_ros/ping-python/brping/ping360.py -> /home/projet_sysmer/ros2_ws/install/ping_sonar_ros/lib/python3.10/site-packages/ping_sonar_ros/ping-python/brping
[1.097s] copying /home/projet_sysmer/ros2_ws/build/ping_sonar_ros/build/lib/ping_sonar_ros/ping-python/brping/definitions.py -> /home/projet_sysmer/ros2_ws/install/ping_sonar_ros/lib/python3.10/site-packages/ping_sonar_ros/ping-python/brping
[1.098s] copying /home/projet_sysmer/ros2_ws/build/ping_sonar_ros/build/lib/ping_sonar_ros/ping-python/brping/__init__.py -> /home/projet_sysmer/ros2_ws/install/ping_sonar_ros/lib/python3.10/site-packages/ping_sonar_ros/ping-python/brping
[1.098s] copying /home/projet_sysmer/ros2_ws/build/ping_sonar_ros/build/lib/ping_sonar_ros/ping-python/brping/pingmessage.py -> /home/projet_sysmer/ros2_ws/install/ping_sonar_ros/lib/python3.10/site-packages/ping_sonar_ros/ping-python/brping
[1.098s] copying /home/projet_sysmer/ros2_ws/build/ping_sonar_ros/build/lib/ping_sonar_ros/range_pub_component.py -> /home/projet_sysmer/ros2_ws/install/ping_sonar_ros/lib/python3.10/site-packages/ping_sonar_ros
[1.098s] copying /home/projet_sysmer/ros2_ws/build/ping_sonar_ros/build/lib/ping_sonar_ros/ping1d_component.py -> /home/projet_sysmer/ros2_ws/install/ping_sonar_ros/lib/python3.10/site-packages/ping_sonar_ros
[1.099s] copying /home/projet_sysmer/ros2_ws/build/ping_sonar_ros/build/lib/ping_sonar_ros/ping1d_node.py -> /home/projet_sysmer/ros2_ws/install/ping_sonar_ros/lib/python3.10/site-packages/ping_sonar_ros
[1.099s] copying /home/projet_sysmer/ros2_ws/build/ping_sonar_ros/build/lib/ping_sonar_ros/__init__.py -> /home/projet_sysmer/ros2_ws/install/ping_sonar_ros/lib/python3.10/site-packages/ping_sonar_ros
[1.099s] copying /home/projet_sysmer/ros2_ws/build/ping_sonar_ros/build/lib/ping_sonar_ros/range_pub_node.py -> /home/projet_sysmer/ros2_ws/install/ping_sonar_ros/lib/python3.10/site-packages/ping_sonar_ros
[1.099s] byte-compiling /home/projet_sysmer/ros2_ws/install/ping_sonar_ros/lib/python3.10/site-packages/ping_sonar_ros/ping-python/brping/ping1d.py to ping1d.cpython-310.pyc
[1.101s] byte-compiling /home/projet_sysmer/ros2_ws/install/ping_sonar_ros/lib/python3.10/site-packages/ping_sonar_ros/ping-python/brping/device.py to device.cpython-310.pyc
[1.105s] byte-compiling /home/projet_sysmer/ros2_ws/install/ping_sonar_ros/lib/python3.10/site-packages/ping_sonar_ros/ping-python/brping/ping360.py to ping360.cpython-310.pyc
[1.105s] byte-compiling /home/projet_sysmer/ros2_ws/install/ping_sonar_ros/lib/python3.10/site-packages/ping_sonar_ros/ping-python/brping/definitions.py to definitions.cpython-310.pyc
[1.107s] byte-compiling /home/projet_sysmer/ros2_ws/install/ping_sonar_ros/lib/python3.10/site-packages/ping_sonar_ros/ping-python/brping/__init__.py to __init__.cpython-310.pyc
[1.108s] byte-compiling /home/projet_sysmer/ros2_ws/install/ping_sonar_ros/lib/python3.10/site-packages/ping_sonar_ros/ping-python/brping/pingmessage.py to pingmessage.cpython-310.pyc
[1.110s] byte-compiling /home/projet_sysmer/ros2_ws/install/ping_sonar_ros/lib/python3.10/site-packages/ping_sonar_ros/range_pub_component.py to range_pub_component.cpython-310.pyc
[1.111s] byte-compiling /home/projet_sysmer/ros2_ws/install/ping_sonar_ros/lib/python3.10/site-packages/ping_sonar_ros/ping1d_component.py to ping1d_component.cpython-310.pyc
[1.112s] byte-compiling /home/projet_sysmer/ros2_ws/install/ping_sonar_ros/lib/python3.10/site-packages/ping_sonar_ros/ping1d_node.py to ping1d_node.cpython-310.pyc
[1.113s] byte-compiling /home/projet_sysmer/ros2_ws/install/ping_sonar_ros/lib/python3.10/site-packages/ping_sonar_ros/__init__.py to __init__.cpython-310.pyc
[1.113s] byte-compiling /home/projet_sysmer/ros2_ws/install/ping_sonar_ros/lib/python3.10/site-packages/ping_sonar_ros/range_pub_node.py to range_pub_node.cpython-310.pyc
[1.113s] running install_data
[1.113s] creating /home/projet_sysmer/ros2_ws/install/ping_sonar_ros/share/ament_index
[1.113s] creating /home/projet_sysmer/ros2_ws/install/ping_sonar_ros/share/ament_index/resource_index
[1.114s] creating /home/projet_sysmer/ros2_ws/install/ping_sonar_ros/share/ament_index/resource_index/packages
[1.114s] copying resource/ping_sonar_ros -> /home/projet_sysmer/ros2_ws/install/ping_sonar_ros/share/ament_index/resource_index/packages
[1.114s] copying package.xml -> /home/projet_sysmer/ros2_ws/install/ping_sonar_ros/share/ping_sonar_ros
[1.114s] creating /home/projet_sysmer/ros2_ws/install/ping_sonar_ros/share/ping_sonar_ros/launch
[1.114s] copying launch/ping_sonar.launch.py -> /home/projet_sysmer/ros2_ws/install/ping_sonar_ros/share/ping_sonar_ros/launch/
[1.114s] copying launch/run_pinger.launch -> /home/projet_sysmer/ros2_ws/install/ping_sonar_ros/share/ping_sonar_ros/launch/
[1.114s] creating /home/projet_sysmer/ros2_ws/install/ping_sonar_ros/share/ping_sonar_ros/rviz
[1.115s] copying rviz/ping_sonar.rviz -> /home/projet_sysmer/ros2_ws/install/ping_sonar_ros/share/ping_sonar_ros/rviz/
[1.115s] running install_egg_info
[1.132s] Copying ../../build/ping_sonar_ros/ping_sonar_ros.egg-info to /home/projet_sysmer/ros2_ws/install/ping_sonar_ros/lib/python3.10/site-packages/ping_sonar_ros-0.0.0-py3.10.egg-info
[1.133s] running install_scripts
[1.254s] Installing ping1d_node script to /home/projet_sysmer/ros2_ws/install/ping_sonar_ros/lib/ping_sonar_ros
[1.254s] Installing range_node script to /home/projet_sysmer/ros2_ws/install/ping_sonar_ros/lib/ping_sonar_ros
[1.254s] writing list of installed files to '/home/projet_sysmer/ros2_ws/build/ping_sonar_ros/install.log'
[1.289s] Invoked command in '/home/projet_sysmer/ros2_ws/src/ping_sonar_ros-master' returned '0': PYTHONPATH=/home/projet_sysmer/ros2_ws/build/ping_sonar_ros/prefix_override:/usr/lib/python3/dist-packages/colcon_core/task/python/colcon_distutils_commands:/home/projet_sysmer/ros2_ws/install/ping_sonar_ros/lib/python3.10/site-packages:${PYTHONPATH} /usr/bin/python3 -W ignore:setup.py install is deprecated -W ignore:easy_install command is deprecated setup.py egg_info --egg-base ../../build/ping_sonar_ros build --build-base /home/projet_sysmer/ros2_ws/build/ping_sonar_ros/build install --record /home/projet_sysmer/ros2_ws/build/ping_sonar_ros/install.log --single-version-externally-managed install_data
