/home/projet_sysmer/ros2_ws/install/autonomous_rov/lib/python3.10/site-packages/autonomous_rov/listenerMIR.py
/home/projet_sysmer/ros2_ws/install/autonomous_rov/lib/python3.10/site-packages/autonomous_rov/image_processing_yolo.py
/home/projet_sysmer/ros2_ws/install/autonomous_rov/lib/python3.10/site-packages/autonomous_rov/video.py
/home/projet_sysmer/ros2_ws/install/autonomous_rov/lib/python3.10/site-packages/autonomous_rov/pinger_node.py
/home/projet_sysmer/ros2_ws/install/autonomous_rov/lib/python3.10/site-packages/autonomous_rov/visual_servoing.py
/home/projet_sysmer/ros2_ws/install/autonomous_rov/lib/python3.10/site-packages/autonomous_rov/camera_parameters.py
/home/projet_sysmer/ros2_ws/install/autonomous_rov/lib/python3.10/site-packages/autonomous_rov/visual_servoing_essai.py
/home/projet_sysmer/ros2_ws/install/autonomous_rov/lib/python3.10/site-packages/autonomous_rov/__init__.py
/home/projet_sysmer/ros2_ws/install/autonomous_rov/lib/python3.10/site-packages/autonomous_rov/image_processing_tracker.py
/home/projet_sysmer/ros2_ws/install/autonomous_rov/lib/python3.10/site-packages/autonomous_rov/__pycache__/listenerMIR.cpython-310.pyc
/home/projet_sysmer/ros2_ws/install/autonomous_rov/lib/python3.10/site-packages/autonomous_rov/__pycache__/image_processing_yolo.cpython-310.pyc
/home/projet_sysmer/ros2_ws/install/autonomous_rov/lib/python3.10/site-packages/autonomous_rov/__pycache__/video.cpython-310.pyc
/home/projet_sysmer/ros2_ws/install/autonomous_rov/lib/python3.10/site-packages/autonomous_rov/__pycache__/pinger_node.cpython-310.pyc
/home/projet_sysmer/ros2_ws/install/autonomous_rov/lib/python3.10/site-packages/autonomous_rov/__pycache__/visual_servoing.cpython-310.pyc
/home/projet_sysmer/ros2_ws/install/autonomous_rov/lib/python3.10/site-packages/autonomous_rov/__pycache__/camera_parameters.cpython-310.pyc
/home/projet_sysmer/ros2_ws/install/autonomous_rov/lib/python3.10/site-packages/autonomous_rov/__pycache__/visual_servoing_essai.cpython-310.pyc
/home/projet_sysmer/ros2_ws/install/autonomous_rov/lib/python3.10/site-packages/autonomous_rov/__pycache__/__init__.cpython-310.pyc
/home/projet_sysmer/ros2_ws/install/autonomous_rov/lib/python3.10/site-packages/autonomous_rov/__pycache__/image_processing_tracker.cpython-310.pyc
/home/projet_sysmer/ros2_ws/install/autonomous_rov/share/ament_index/resource_index/packages/autonomous_rov
/home/projet_sysmer/ros2_ws/install/autonomous_rov/share/autonomous_rov/package.xml
/home/projet_sysmer/ros2_ws/install/autonomous_rov/share/autonomous_rov/launch
/home/projet_sysmer/ros2_ws/install/autonomous_rov/share/autonomous_rov/launch/run_mavros.launch
/home/projet_sysmer/ros2_ws/install/autonomous_rov/share/autonomous_rov/launch/run_gamepad.launch
/home/projet_sysmer/ros2_ws/install/autonomous_rov/share/autonomous_rov/launch/run_visual_servo.launch
/home/projet_sysmer/ros2_ws/install/autonomous_rov/share/autonomous_rov/launch/run_video.launch
/home/projet_sysmer/ros2_ws/install/autonomous_rov/share/autonomous_rov/launch/run_yolo_video.launch
/home/projet_sysmer/ros2_ws/install/autonomous_rov/share/autonomous_rov/config/xbox.config.yaml
/home/projet_sysmer/ros2_ws/install/autonomous_rov/share/autonomous_rov/lib/setup.py
/home/projet_sysmer/ros2_ws/install/autonomous_rov/share/autonomous_rov/lib/__init__.py
/home/projet_sysmer/ros2_ws/install/autonomous_rov/lib/python3.10/site-packages/autonomous_rov-0.0.0-py3.10.egg-info/dependency_links.txt
/home/projet_sysmer/ros2_ws/install/autonomous_rov/lib/python3.10/site-packages/autonomous_rov-0.0.0-py3.10.egg-info/zip-safe
/home/projet_sysmer/ros2_ws/install/autonomous_rov/lib/python3.10/site-packages/autonomous_rov-0.0.0-py3.10.egg-info/requires.txt
/home/projet_sysmer/ros2_ws/install/autonomous_rov/lib/python3.10/site-packages/autonomous_rov-0.0.0-py3.10.egg-info/PKG-INFO
/home/projet_sysmer/ros2_ws/install/autonomous_rov/lib/python3.10/site-packages/autonomous_rov-0.0.0-py3.10.egg-info/SOURCES.txt
/home/projet_sysmer/ros2_ws/install/autonomous_rov/lib/python3.10/site-packages/autonomous_rov-0.0.0-py3.10.egg-info/top_level.txt
/home/projet_sysmer/ros2_ws/install/autonomous_rov/lib/python3.10/site-packages/autonomous_rov-0.0.0-py3.10.egg-info/entry_points.txt
/home/projet_sysmer/ros2_ws/install/autonomous_rov/lib/autonomous_rov/image_processing_tracker
/home/projet_sysmer/ros2_ws/install/autonomous_rov/lib/autonomous_rov/pinger_node
/home/projet_sysmer/ros2_ws/install/autonomous_rov/lib/autonomous_rov/video
/home/projet_sysmer/ros2_ws/install/autonomous_rov/lib/autonomous_rov/visual_servoing
