[0.470s] Invoking command in '/home/projet_sysmer/ros2_ws/src/autonomous_rov': PYTHONPATH=/home/projet_sysmer/ros2_ws/build/autonomous_rov/prefix_override:/usr/lib/python3/dist-packages/colcon_core/task/python/colcon_distutils_commands:/home/projet_sysmer/ros2_ws/install/autonomous_rov/lib/python3.10/site-packages:${PYTHONPATH} /usr/bin/python3 -W ignore:setup.py install is deprecated -W ignore:easy_install command is deprecated setup.py egg_info --egg-base ../../build/autonomous_rov build --build-base /home/projet_sysmer/ros2_ws/build/autonomous_rov/build install --record /home/projet_sysmer/ros2_ws/build/autonomous_rov/install.log --single-version-externally-managed install_data
[0.625s] running egg_info
[0.625s] creating ../../build/autonomous_rov/autonomous_rov.egg-info
[0.634s] writing ../../build/autonomous_rov/autonomous_rov.egg-info/PKG-INFO
[0.634s] writing dependency_links to ../../build/autonomous_rov/autonomous_rov.egg-info/dependency_links.txt
[0.634s] writing entry points to ../../build/autonomous_rov/autonomous_rov.egg-info/entry_points.txt
[0.634s] writing requirements to ../../build/autonomous_rov/autonomous_rov.egg-info/requires.txt
[0.635s] writing top-level names to ../../build/autonomous_rov/autonomous_rov.egg-info/top_level.txt
[0.635s] writing manifest file '../../build/autonomous_rov/autonomous_rov.egg-info/SOURCES.txt'
[0.652s] reading manifest file '../../build/autonomous_rov/autonomous_rov.egg-info/SOURCES.txt'
[0.652s] writing manifest file '../../build/autonomous_rov/autonomous_rov.egg-info/SOURCES.txt'
[0.652s] running build
[0.652s] running build_py
[0.653s] creating /home/projet_sysmer/ros2_ws/build/autonomous_rov/build
[0.653s] creating /home/projet_sysmer/ros2_ws/build/autonomous_rov/build/lib
[0.653s] creating /home/projet_sysmer/ros2_ws/build/autonomous_rov/build/lib/autonomous_rov
[0.653s] copying autonomous_rov/listenerMIR.py -> /home/projet_sysmer/ros2_ws/build/autonomous_rov/build/lib/autonomous_rov
[0.653s] copying autonomous_rov/image_processing_yolo.py -> /home/projet_sysmer/ros2_ws/build/autonomous_rov/build/lib/autonomous_rov
[0.653s] copying autonomous_rov/video.py -> /home/projet_sysmer/ros2_ws/build/autonomous_rov/build/lib/autonomous_rov
[0.653s] copying autonomous_rov/pinger_node.py -> /home/projet_sysmer/ros2_ws/build/autonomous_rov/build/lib/autonomous_rov
[0.653s] copying autonomous_rov/camera_parameters.py -> /home/projet_sysmer/ros2_ws/build/autonomous_rov/build/lib/autonomous_rov
[0.653s] copying autonomous_rov/visual_servoing_essai.py -> /home/projet_sysmer/ros2_ws/build/autonomous_rov/build/lib/autonomous_rov
[0.653s] copying autonomous_rov/__init__.py -> /home/projet_sysmer/ros2_ws/build/autonomous_rov/build/lib/autonomous_rov
[0.653s] copying autonomous_rov/image_processing_tracker.py -> /home/projet_sysmer/ros2_ws/build/autonomous_rov/build/lib/autonomous_rov
[0.653s] running install
[0.656s] running install_lib
[0.665s] creating /home/projet_sysmer/ros2_ws/install/autonomous_rov/lib/python3.10/site-packages/autonomous_rov
[0.665s] copying /home/projet_sysmer/ros2_ws/build/autonomous_rov/build/lib/autonomous_rov/listenerMIR.py -> /home/projet_sysmer/ros2_ws/install/autonomous_rov/lib/python3.10/site-packages/autonomous_rov
[0.665s] copying /home/projet_sysmer/ros2_ws/build/autonomous_rov/build/lib/autonomous_rov/image_processing_yolo.py -> /home/projet_sysmer/ros2_ws/install/autonomous_rov/lib/python3.10/site-packages/autonomous_rov
[0.665s] copying /home/projet_sysmer/ros2_ws/build/autonomous_rov/build/lib/autonomous_rov/video.py -> /home/projet_sysmer/ros2_ws/install/autonomous_rov/lib/python3.10/site-packages/autonomous_rov
[0.665s] copying /home/projet_sysmer/ros2_ws/build/autonomous_rov/build/lib/autonomous_rov/pinger_node.py -> /home/projet_sysmer/ros2_ws/install/autonomous_rov/lib/python3.10/site-packages/autonomous_rov
[0.665s] copying /home/projet_sysmer/ros2_ws/build/autonomous_rov/build/lib/autonomous_rov/camera_parameters.py -> /home/projet_sysmer/ros2_ws/install/autonomous_rov/lib/python3.10/site-packages/autonomous_rov
[0.665s] copying /home/projet_sysmer/ros2_ws/build/autonomous_rov/build/lib/autonomous_rov/visual_servoing_essai.py -> /home/projet_sysmer/ros2_ws/install/autonomous_rov/lib/python3.10/site-packages/autonomous_rov
[0.665s] copying /home/projet_sysmer/ros2_ws/build/autonomous_rov/build/lib/autonomous_rov/__init__.py -> /home/projet_sysmer/ros2_ws/install/autonomous_rov/lib/python3.10/site-packages/autonomous_rov
[0.665s] copying /home/projet_sysmer/ros2_ws/build/autonomous_rov/build/lib/autonomous_rov/image_processing_tracker.py -> /home/projet_sysmer/ros2_ws/install/autonomous_rov/lib/python3.10/site-packages/autonomous_rov
[0.666s] byte-compiling /home/projet_sysmer/ros2_ws/install/autonomous_rov/lib/python3.10/site-packages/autonomous_rov/listenerMIR.py to listenerMIR.cpython-310.pyc
[0.667s] byte-compiling /home/projet_sysmer/ros2_ws/install/autonomous_rov/lib/python3.10/site-packages/autonomous_rov/image_processing_yolo.py to image_processing_yolo.cpython-310.pyc
[0.668s] byte-compiling /home/projet_sysmer/ros2_ws/install/autonomous_rov/lib/python3.10/site-packages/autonomous_rov/video.py to video.cpython-310.pyc
[0.669s] byte-compiling /home/projet_sysmer/ros2_ws/install/autonomous_rov/lib/python3.10/site-packages/autonomous_rov/pinger_node.py to pinger_node.cpython-310.pyc
[0.669s] byte-compiling /home/projet_sysmer/ros2_ws/install/autonomous_rov/lib/python3.10/site-packages/autonomous_rov/camera_parameters.py to camera_parameters.cpython-310.pyc
[0.669s] byte-compiling /home/projet_sysmer/ros2_ws/install/autonomous_rov/lib/python3.10/site-packages/autonomous_rov/visual_servoing_essai.py to visual_servoing_essai.cpython-310.pyc
[0.670s] byte-compiling /home/projet_sysmer/ros2_ws/install/autonomous_rov/lib/python3.10/site-packages/autonomous_rov/__init__.py to __init__.cpython-310.pyc
[0.670s] byte-compiling /home/projet_sysmer/ros2_ws/install/autonomous_rov/lib/python3.10/site-packages/autonomous_rov/image_processing_tracker.py to image_processing_tracker.cpython-310.pyc
[0.671s] running install_data
[0.671s] creating /home/projet_sysmer/ros2_ws/install/autonomous_rov/share/ament_index
[0.671s] creating /home/projet_sysmer/ros2_ws/install/autonomous_rov/share/ament_index/resource_index
[0.671s] creating /home/projet_sysmer/ros2_ws/install/autonomous_rov/share/ament_index/resource_index/packages
[0.671s] copying resource/autonomous_rov -> /home/projet_sysmer/ros2_ws/install/autonomous_rov/share/ament_index/resource_index/packages
[0.672s] copying package.xml -> /home/projet_sysmer/ros2_ws/install/autonomous_rov/share/autonomous_rov
[0.672s] creating /home/projet_sysmer/ros2_ws/install/autonomous_rov/share/autonomous_rov/launch
[0.672s] copying launch/run_mavros.launch -> /home/projet_sysmer/ros2_ws/install/autonomous_rov/share/autonomous_rov/launch
[0.672s] copying launch/run_gamepad.launch -> /home/projet_sysmer/ros2_ws/install/autonomous_rov/share/autonomous_rov/launch
[0.672s] copying launch/run_visual_servo.launch -> /home/projet_sysmer/ros2_ws/install/autonomous_rov/share/autonomous_rov/launch
[0.672s] copying launch/run_video.launch -> /home/projet_sysmer/ros2_ws/install/autonomous_rov/share/autonomous_rov/launch
[0.672s] copying launch/run_yolo_video.launch -> /home/projet_sysmer/ros2_ws/install/autonomous_rov/share/autonomous_rov/launch
[0.672s] creating /home/projet_sysmer/ros2_ws/install/autonomous_rov/share/autonomous_rov/config
[0.672s] copying config/xbox.config.yaml -> /home/projet_sysmer/ros2_ws/install/autonomous_rov/share/autonomous_rov/config
[0.672s] creating /home/projet_sysmer/ros2_ws/install/autonomous_rov/share/autonomous_rov/lib
[0.672s] copying setup.py -> /home/projet_sysmer/ros2_ws/install/autonomous_rov/share/autonomous_rov/lib
[0.672s] copying __init__.py -> /home/projet_sysmer/ros2_ws/install/autonomous_rov/share/autonomous_rov/lib
[0.672s] running install_egg_info
[0.681s] Copying ../../build/autonomous_rov/autonomous_rov.egg-info to /home/projet_sysmer/ros2_ws/install/autonomous_rov/lib/python3.10/site-packages/autonomous_rov-0.0.0-py3.10.egg-info
[0.682s] running install_scripts
[0.762s] Installing image_processing_tracker script to /home/projet_sysmer/ros2_ws/install/autonomous_rov/lib/autonomous_rov
[0.762s] Installing pinger_node script to /home/projet_sysmer/ros2_ws/install/autonomous_rov/lib/autonomous_rov
[0.762s] Installing video script to /home/projet_sysmer/ros2_ws/install/autonomous_rov/lib/autonomous_rov
[0.762s] Installing visual_servoing script to /home/projet_sysmer/ros2_ws/install/autonomous_rov/lib/autonomous_rov
[0.762s] writing list of installed files to '/home/projet_sysmer/ros2_ws/build/autonomous_rov/install.log'
[0.782s] Invoked command in '/home/projet_sysmer/ros2_ws/src/autonomous_rov' returned '0': PYTHONPATH=/home/projet_sysmer/ros2_ws/build/autonomous_rov/prefix_override:/usr/lib/python3/dist-packages/colcon_core/task/python/colcon_distutils_commands:/home/projet_sysmer/ros2_ws/install/autonomous_rov/lib/python3.10/site-packages:${PYTHONPATH} /usr/bin/python3 -W ignore:setup.py install is deprecated -W ignore:easy_install command is deprecated setup.py egg_info --egg-base ../../build/autonomous_rov build --build-base /home/projet_sysmer/ros2_ws/build/autonomous_rov/build install --record /home/projet_sysmer/ros2_ws/build/autonomous_rov/install.log --single-version-externally-managed install_data
